
Gurobi 7.0.1 (win64) logging started 03/28/17 18:01:17

Changed value of parameter LogFile to log_prov_24_26_with3appeals.log
   Prev: gurobi.log  Default: 
Changed value of parameter LazyConstraints to 1
   Prev: 0  Min: 0  Max: 1  Default: 0
Optimize a model with 5028 rows, 165068 columns and 330570 nonzeros
Variable types: 0 continuous, 165068 integer (165068 binary)
Coefficient statistics:
  Matrix range     [1e+00, 1e+05]
  Objective range  [2e-01, 3e+02]
  Bounds range     [1e+00, 1e+00]
  RHS range        [1e+00, 6e+00]
Presolve removed 237 rows and 0 columns
Presolve time: 0.49s
Presolved: 4791 rows, 165068 columns, 330333 nonzeros

MIP start did not produce a new incumbent solution
MIP start violates constraint R0 by 359999.000000000

Variable types: 0 continuous, 165068 integer (165068 binary)
Found heuristic solution: objective 572668.37634

Root simplex log...

Iteration    Objective       Primal Inf.    Dual Inf.      Time
       0    0.0000000e+00   4.158000e+03   0.000000e+00     87s
    4234    9.8496084e+04   0.000000e+00   0.000000e+00     87s

Root relaxation: objective 9.849608e+04, 4234 iterations, 0.05 seconds

    Nodes    |    Current Node    |     Objective Bounds      |     Work
 Expl Unexpl |  Obj  Depth IntInf | Incumbent    BestBd   Gap | It/Node Time

     0     0 98496.0835    0   64 572668.376 98496.0835  82.8%     -   87s
Another try with MIP start
     0     0 98515.8382    0   81 572668.376 98515.8382  82.8%     -  122s
     0     0 98515.8382    0   81 572668.376 98515.8382  82.8%     -  143s
     0     0 98515.8382    0   81 572668.376 98515.8382  82.8%     -  162s
     0     0 98515.8382    0   81 572668.376 98515.8382  82.8%     -  181s
H    0     0                    549061.73693 98515.8382  82.1%     -  199s
     0     0 109058.189    0 2580 549061.737 109058.189  80.1%     -  201s
     0     0 109058.189    0 2580 549061.737 109058.189  80.1%     -  219s
     0     0 109058.189    0 2580 549061.737 109058.189  80.1%     -  236s
     0     0 109058.189    0 2580 549061.737 109058.189  80.1%     -  253s
     0     0 109058.189    0 2580 549061.737 109058.189  80.1%     -  270s
H    0     0                    221407.94664 109058.189  50.7%     -  287s
     0     0 110226.345    0 2795 221407.947 110226.345  50.2%     -  394s
     0     0 110968.632    0 2589 221407.947 110968.632  49.9%     -  394s
     0     0 110968.632    0 2589 221407.947 110968.632  49.9%     -  398s
     0     0 110968.632    0 2589 221407.947 110968.632  49.9%     -  416s
     0     0 110968.632    0 2589 221407.947 110968.632  49.9%     -  433s
     0     0 110968.632    0 2589 221407.947 110968.632  49.9%     -  450s
     0     0 110968.632    0 2589 221407.947 110968.632  49.9%     -  468s
     0     0 110968.632    0 2589 221407.947 110968.632  49.9%     -  485s
     0     2 111235.674    0 3206 221407.947 111235.674  49.8%     -  487s
     3     6 112475.483    2 3215 221407.947 111957.796  49.4%   294  490s
    17    18 114024.694    7 3306 221407.947 112867.021  49.0%   268  495s
    56    59 117832.857   20 2767 221407.947 112867.021  49.0%   158  501s
    78    80 119102.100   28 2939 221407.947 112867.021  49.0%   161  505s
   100   101 122253.656   42 2630 221407.947 112867.021  49.0%   160  560s
   101   102 123556.072   36 2435 221407.947 112867.021  49.0%   159  579s
   102   101 122311.870   43 2628 221407.947 112867.021  49.0%   157  581s
   124   124 123119.453   57  103 221407.947 112867.021  49.0%   148  585s
   132   131 130968.243   45  103 221407.947 112867.021  49.0%   164  617s
   137   132 123603.984   60    - 221407.947 112867.021  49.0%   166  637s
*  138   123              60    126558.69713 112867.021  10.8%   171  661s
*  152    96              60    123605.20242 113169.043  8.44%   158  686s
   159   101 116891.394    5 4617 123605.202 113294.910  8.34%   182  690s
   173   112 119124.084   10 4275 123605.202 113294.910  8.34%   182  697s
   182   120 120482.042   14 3788 123605.202 113294.910  8.34%   187  702s
   187   127 120736.905   16 3760 123605.202 113294.910  8.34%   190  705s
   196   128 123562.108   21 3590 123605.202 113780.834  7.95%   195  710s
   216   144 116679.150    4 4191 123605.202 113780.834  7.95%   190  715s
*  221   127              42    122552.43134 113780.834  7.16%   188  736s
   230   136 117782.209    5 4001 122552.431 113780.834  7.16%   202  743s
   236   138 119123.264    6 4776 122552.431 113780.834  7.16%   210  746s
   241   139 119044.416    6 4749 122552.431 113780.834  7.16%   213  750s
   248   140 119751.822    7 3542 122552.431 113780.834  7.16%   226  757s
   251   144 120827.629    8 3569 122552.431 113780.834  7.16%   231  761s
   254   147     cutoff    8      122552.431 113780.834  7.16%   237  765s
   258   143 120943.307    9 2777 122552.431 113780.834  7.16%   241  773s
   265   147 117181.400    5 4600 122552.431 113874.142  7.08%   260  779s
   267   150 117539.623    6 4290 122552.431 113874.142  7.08%   262  783s
   270   149 118949.085    8 3591 122552.431 113874.142  7.08%   267  787s
   285   152     cutoff   15      122552.431 114050.528  6.94%   264  793s
   292   154 117079.849    6 4261 122552.431 114050.528  6.94%   268  797s
   297   156 118104.311    8 4513 122552.431 114050.528  6.94%   271  800s
   304   155 120952.466   13 3148 122552.431 114068.771  6.92%   277  811s
   318   158 120243.532    8 4726 122552.431 114068.771  6.92%   280  819s
   323   159 121732.376    9 4418 122552.431 114068.771  6.92%   287  821s
   328   162 121141.680    9 4411 122552.431 114068.771  6.92%   288  826s
   333   159 121505.140   10 4150 122552.431 114068.771  6.92%   291  830s
   340   162 122227.057   12 3737 122552.431 114787.821  6.34%   291  836s
   350   168 119322.977    9 4565 122552.431 114790.319  6.33%   292  842s
   356   167 121359.102   14 3740 122552.431 114822.922  6.31%   295  846s
   373   176 119718.124   10 4327 122552.431 114822.922  6.31%   292  851s
   405   200 121737.473   12 4096 122552.431 114822.922  6.31%   277  860s
   413   200     cutoff   12      122552.431 114822.922  6.31%   284  866s
   421   201     cutoff   14      122552.431 114822.922  6.31%   291  873s
   425   200 122029.722   15 3325 122552.431 115114.666  6.07%   297  877s
   432   197 119870.053   13 4432 122552.431 115158.644  6.03%   299  886s
   450   209 119829.566    4 5291 122552.431 115249.449  5.96%   301  891s
   454   204 121954.641    6 5116 122552.431 115249.449  5.96%   305  897s
   474   215 122291.312    6 3929 122552.431 115512.804  5.74%   301  903s
   483   217 119675.056   12 4323 122552.431 115512.804  5.74%   303  931s
   485   217 120202.275   13 3887 122552.431 115512.804  5.74%   303  938s
   495   219 120931.456   15 4039 122552.431 115512.804  5.74%   307  944s
   505   223     cutoff   17      122552.431 115543.090  5.72%   308  953s
   512   219     cutoff    8      122552.431 115712.499  5.58%   315  963s
   526   224 122112.821    7 4992 122552.431 115767.951  5.54%   320  973s
   541   225     cutoff    9      122552.431 115833.891  5.48%   324  980s
   552   225 121137.428   20 1758 122552.431 116047.831  5.31%   327  987s
   577   240 120322.256   18 2104 122552.431 116246.141  5.15%   320  994s
   600   250 121537.333    5 5493 122552.431 116333.644  5.07%   317 1001s
   618   253 118239.726    9 3817 122552.431 116333.644  5.07%   317 1009s
   643   254 121997.449   16 2767 122552.431 116368.336  5.05%   312 1017s
   691   290 121509.157   42 1809 122552.431 116515.255  4.93%   300 1025s
   706   290 121950.916   45    - 122552.431 116618.123  4.84%   301 1073s
   719   296     cutoff   45      122552.431 116704.565  4.77%   305 1083s
   731   298 121615.976   11 4436 122552.431 116933.214  4.59%   309 1092s
   742   299 121222.820   11 4852 122552.431 116933.214  4.59%   312 1102s
   761   304 120533.492   14 4194 122552.431 117046.512  4.49%   314 1164s
   766   303 120890.466   15 3747 122552.431 117080.334  4.47%   315 1175s
   787   316 118123.979    7 4010 122552.431 117084.294  4.46%   315 1187s
   801   316 120732.485   13 2751 122552.431 117111.324  4.44%   319 1198s
   821   321 121288.352    8 4618 122552.431 117111.324  4.44%   320 1213s
   839   322     cutoff   11      122552.431 117113.090  4.44%   322 1229s
   862   330     cutoff   14      122552.431 117170.694  4.39%   323 1242s
   880   337     cutoff   13      122552.431 117182.054  4.38%   325 1258s
   912   343     cutoff   26      122552.431 117303.994  4.28%   324 1272s
   932   340 119663.808   12 3548 122552.431 117351.698  4.24%   327 1287s
   959   351 119511.964    6 4295 122552.431 117422.022  4.19%   329 1302s
   989   357 119055.233    8 4144 122552.431 117446.402  4.17%   330 1316s
  1009   355     cutoff   12      122552.431 117473.449  4.14%   333 1329s
  1040   360 121724.794   12 3375 122552.431 117539.412  4.09%   334 1344s
  1065   367 121997.931   11 4437 122552.431 117572.101  4.06%   335 1357s
  1092   366     cutoff   13      122552.431 117615.201  4.03%   336 1371s
  1114   368     cutoff   12      122552.431 117642.133  4.01%   339 1386s
  1145   368     cutoff   11      122552.431 117713.840  3.95%   341 1430s
H 1147   323                    121585.62190 117713.840  3.18%   341 1447s
H 1158   322                    121556.41385 117713.840  3.16%   341 1465s
  1165   315 120995.310   12 4734 121556.414 117713.840  3.16%   341 1481s
  1212   321 120858.338   16 3791 121556.414 117820.255  3.07%   340 1500s
  1245   320     cutoff    9      121556.414 117893.964  3.01%   342 1519s
  1273   318 120171.427   14 3216 121556.414 117963.999  2.96%   346 1538s
  1306   314 121426.257    9 4827 121556.414 117987.415  2.94%   349 1586s
  1327   312 120675.651   19 3427 121556.414 118129.513  2.82%   350 1605s
  1362   310 119341.349   11 3110 121556.414 118209.709  2.75%   353 1625s
  1401   310 119941.841    8 3936 121556.414 118240.009  2.73%   355 1649s
  1446   299 121436.133   12 4862 121556.414 118356.764  2.63%   356 1671s
  1492   291     cutoff   15      121556.414 118530.287  2.49%   357 1694s
  1539   293 120001.745   12 3431 121556.414 118581.293  2.45%   359 1760s
  1557   288 120315.252   18 3223 121556.414 118618.755  2.42%   360 1783s
  1590   277     cutoff   23      121556.414 118677.465  2.37%   364 1808s
  1643   259 120540.541   12 2669 121556.414 118825.993  2.25%   366 1835s
  1707   245     cutoff   14      121556.414 118991.670  2.11%   364 1862s
  1773   232 120576.718   13 2136 121556.414 119175.384  1.96%   363 1896s
  1824   218     cutoff   13      121556.414 119256.956  1.89%   365 1924s
  1879   215 120572.617   15 2071 121556.414 119391.381  1.78%   367 2078s
  1906   178     cutoff    5      121556.414 119485.187  1.70%   367 2107s
  1987   145     cutoff    8      121556.414 119571.321  1.63%   362 2141s
  2066   104 120685.580    8 4431 121556.414 119959.655  1.31%   360 2162s
  2148    73     cutoff   12      121556.414 120318.100  1.02%   355 2196s
  2230    30 121146.757    7 5693 121556.414 120624.069  0.77%   352 2200s

Cutting planes:
  Cover: 26
  Clique: 1952
  MIR: 27
  Lazy constraints: 75852

Explored 2307 nodes (795974 simplex iterations) in 2200.99 seconds
Thread count was 4 (of 4 available processors)

Solution count 8: 121556 121586 122552 ... 572668
Pool objective bound 121556

Optimal solution found (tolerance 1.00e-04)
Best objective 1.215564138526e+05, best bound 1.215564138526e+05, gap 0.0000%
