
Gurobi 7.0.1 (win64) logging started 04/01/17 12:15:45

Changed value of parameter LogFile to log_LPIP_prov_code_7_8_9_10.log
   Prev: gurobi.log  Default: 

Gurobi 7.0.1 (win64) logging started 04/01/17 12:15:45

Changed value of parameter LogFile to log_LPIP_prov_code_7_8_9_10.log
   Prev: gurobi.log  Default: 
Optimize a model with 9684 rows, 385041 columns and 770516 nonzeros
Coefficient statistics:
  Matrix range     [1e+00, 4e+03]
  Objective range  [5e-02, 2e+02]
  Bounds range     [1e+00, 1e+00]
  RHS range        [1e+00, 6e+00]

Concurrent LP optimizer: dual simplex and barrier
Showing barrier log only...

Presolve removed 145 rows and 0 columns
Presolve time: 0.32s
Presolved: 9539 rows, 385041 columns, 770371 nonzeros

Ordering time: 0.03s

Barrier statistics:
 AA' NZ     : 3.856e+05
 Factor NZ  : 4.814e+05 (roughly 160 MBytes of memory)
 Factor Ops : 4.334e+07 (less than 1 second per iteration)
 Threads    : 1

Barrier performed 0 iterations in 0.52 seconds
Barrier solve interrupted - model solved by another algorithm


Solved with dual simplex
Solved in 67 iterations and 0.55 seconds
Optimal objective  2.247489068e+05
Optimize a model with 9684 rows, 385041 columns and 770516 nonzeros
Variable types: 0 continuous, 385041 integer (385041 binary)
Coefficient statistics:
  Matrix range     [1e+00, 4e+03]
  Objective range  [5e-02, 2e+02]
  Bounds range     [1e+00, 1e+00]
  RHS range        [1e+00, 6e+00]
Presolve removed 145 rows and 0 columns
Presolve time: 1.11s
Presolved: 9539 rows, 385041 columns, 770371 nonzeros

MIP start did not produce a new incumbent solution
MIP start violates constraint R4420 by 24.000000000

Variable types: 0 continuous, 385041 integer (385041 binary)
Found heuristic solution: objective 1106028.7171

Root simplex log...

Iteration    Objective       Primal Inf.    Dual Inf.      Time
       0    0.0000000e+00   8.814000e+03   0.000000e+00     70s
    5796    9.4165246e+04   3.020067e+03   0.000000e+00     70s
    8934    2.2474891e+05   0.000000e+00   0.000000e+00     70s

Root relaxation: objective 2.247489e+05, 8934 iterations, 0.14 seconds

    Nodes    |    Current Node    |     Objective Bounds      |     Work
 Expl Unexpl |  Obj  Depth IntInf | Incumbent    BestBd   Gap | It/Node Time

     0     0 224748.907    0  109 1106028.72 224748.907  79.7%     -   70s
Another try with MIP start
     0     0 224748.907    0  109 1106028.72 224748.907  79.7%     -  106s
     0     0 224748.907    0  109 1106028.72 224748.907  79.7%     -  141s
     0     0 224748.907    0  109 1106028.72 224748.907  79.7%     -  176s
     0     0 224748.907    0  109 1106028.72 224748.907  79.7%     -  215s
     0     0 251275.135    0 3463 1106028.72 251275.135  77.3%     -  221s
     0     0 255018.530    0 4089 1106028.72 255018.530  76.9%     -  224s
     0     0 277415.917    0 5522 1106028.72 277415.917  74.9%     -  232s
     0     0 277415.917    0 5522 1106028.72 277415.917  74.9%     -  283s
     0     0 277415.917    0 5522 1106028.72 277415.917  74.9%     -  320s
     0     0 286609.843    0 6754 1106028.72 286609.843  74.1%     -  329s
     0     0 301988.890    0 7881 1106028.72 301988.890  72.7%     -  355s
     0     0 301988.890    0 7881 1106028.72 301988.890  72.7%     -  420s
     0     0 301988.890    0 7881 1106028.72 301988.890  72.7%     -  451s
     0     0 301988.890    0 7881 1106028.72 301988.890  72.7%     -  482s
     0     0 301988.890    0 7881 1106028.72 301988.890  72.7%     -  514s
     0     0 301988.890    0 7881 1106028.72 301988.890  72.7%     -  545s
     0     0 301988.890    0 7881 1106028.72 301988.890  72.7%     -  577s
     0     0 301990.980    0 7929 1106028.72 301990.980  72.7%     -  638s
     0     0 301990.980    0 7929 1106028.72 301990.980  72.7%     -  679s
     0     2 302363.455    0 9012 1106028.72 302363.455  72.7%     -  689s
     1     4 303311.471    1 8789 1106028.72 302685.555  72.6%  1265  721s
     3     6 305623.359    2 10297 1106028.72 303315.225  72.6%  2833  787s
     4     6 360059.304    2 10516 1106028.72 303315.225  72.6%  3373  822s
     5     8 312040.027    2 7996 1106028.72 305624.040  72.4%  3190  833s
     7    10 306639.917    3 9927 1106028.72 305625.124  72.4%  2711  877s
     8    10 324795.498    3 9637 1106028.72 305625.124  72.4%  2630  912s
     9    10 365781.092    3 7925 1106028.72 306646.359  72.3%  2981  932s
    11    11 307120.364    4 9826 1106028.72 307120.364  72.2%  2504  988s
    13    14 307301.408    5 9799 1106028.72 307301.408  72.2%  2605  999s
    16    17 309867.009    7 7496 1106028.72 309867.009  72.0%  2362 1045s
    17    18 326197.478    6 7179 1106028.72 309867.363  72.0%  2272 1097s
    18    19 313261.867    7 8525 1106028.72 309867.363  72.0%  2443 1145s
    20    22 313019.543    8 8927 1106028.72 309871.999  72.0%  2686 1179s
    22    23 312734.383    8 8001 1106028.72 309945.353  72.0%  2784 1200s
    25    24 313048.285    9 7840 1106028.72 309945.353  72.0%  2523 1216s
    28    30 313942.790   11 6248 1106028.72 309945.353  72.0%  2383 1315s
    29    31 330796.558   10 7357 1106028.72 309945.353  72.0%  2343 1349s
    30    32 314348.495   12 6088 1106028.72 309945.353  72.0%  2281 1394s
    35    36 315270.091   13 5965 1106028.72 309945.353  72.0%  2207 1460s
    41    44 316771.110   14 5943 1106028.72 309945.353  72.0%  2045 1484s
    48    47 317869.280   15 5955 1106028.72 309945.353  72.0%  1851 1641s
    50    53 327586.477   15 8438 1106028.72 309945.353  72.0%  1998 1728s
    52    51 321018.305   16 7520 1106028.72 309945.353  72.0%  2068 1765s
    54    57 329167.491   16 8442 1106028.72 309945.353  72.0%  2222 1837s

Gurobi 7.0.1 (win64) logging started 04/01/17 12:57:09

Changed value of parameter LogFile to log_LPIP_prov_code_7_8_9_10.log
   Prev: gurobi.log  Default: 

Gurobi 7.0.1 (win64) logging started 04/01/17 12:57:09

Changed value of parameter LogFile to log_LPIP_prov_code_7_8_9_10.log
   Prev: gurobi.log  Default: 
Optimize a model with 9684 rows, 385041 columns and 770516 nonzeros
Coefficient statistics:
  Matrix range     [1e+00, 4e+03]
  Objective range  [5e-02, 2e+02]
  Bounds range     [1e+00, 1e+00]
  RHS range        [1e+00, 6e+00]

Concurrent LP optimizer: dual simplex and barrier
Showing barrier log only...

Presolve removed 145 rows and 0 columns
Presolve time: 0.29s
Presolved: 9539 rows, 385041 columns, 770371 nonzeros

Ordering time: 0.01s

Barrier statistics:
 AA' NZ     : 3.856e+05
 Factor NZ  : 4.814e+05 (roughly 160 MBytes of memory)
 Factor Ops : 4.334e+07 (less than 1 second per iteration)
 Threads    : 1

Barrier performed 0 iterations in 0.50 seconds
Barrier solve interrupted - model solved by another algorithm


Solved with dual simplex
Solved in 67 iterations and 0.52 seconds
Optimal objective  2.247489068e+05
Optimize a model with 9684 rows, 385041 columns and 770516 nonzeros
Variable types: 0 continuous, 385041 integer (385041 binary)
Coefficient statistics:
  Matrix range     [1e+00, 4e+03]
  Objective range  [5e-02, 2e+02]
  Bounds range     [1e+00, 1e+00]
  RHS range        [1e+00, 6e+00]
Presolve removed 145 rows and 0 columns
Presolve time: 1.12s
Presolved: 9539 rows, 385041 columns, 770371 nonzeros

MIP start did not produce a new incumbent solution
MIP start violates constraint R4420 by 24.000000000

Variable types: 0 continuous, 385041 integer (385041 binary)
Found heuristic solution: objective 1106028.7171

Root simplex log...

Iteration    Objective       Primal Inf.    Dual Inf.      Time
       0    0.0000000e+00   8.814000e+03   0.000000e+00     70s
    8934    2.2474891e+05   0.000000e+00   0.000000e+00     70s

Root relaxation: objective 2.247489e+05, 8934 iterations, 0.13 seconds

    Nodes    |    Current Node    |     Objective Bounds      |     Work
 Expl Unexpl |  Obj  Depth IntInf | Incumbent    BestBd   Gap | It/Node Time

     0     0 224748.907    0  109 1106028.72 224748.907  79.7%     -   70s
Another try with MIP start
     0     0 224748.907    0  109 1106028.72 224748.907  79.7%     -  106s
     0     0 224748.907    0  109 1106028.72 224748.907  79.7%     -  142s
     0     0 224748.907    0  109 1106028.72 224748.907  79.7%     -  179s
     0     0 224748.907    0  109 1106028.72 224748.907  79.7%     -  218s
     0     0 251275.135    0 3463 1106028.72 251275.135  77.3%     -  223s
     0     0 255018.530    0 4089 1106028.72 255018.530  76.9%     -  226s
     0     0 277415.917    0 5522 1106028.72 277415.917  74.9%     -  234s
     0     0 277415.917    0 5522 1106028.72 277415.917  74.9%     -  284s
     0     0 277415.917    0 5522 1106028.72 277415.917  74.9%     -  321s
     0     0 286609.843    0 6754 1106028.72 286609.843  74.1%     -  331s
     0     0 301988.890    0 7881 1106028.72 301988.890  72.7%     -  356s
     0     0 301988.890    0 7881 1106028.72 301988.890  72.7%     -  421s
     0     0 301988.890    0 7881 1106028.72 301988.890  72.7%     -  453s
     0     0 301988.890    0 7881 1106028.72 301988.890  72.7%     -  484s
     0     0 301988.890    0 7881 1106028.72 301988.890  72.7%     -  515s
     0     0 301988.890    0 7881 1106028.72 301988.890  72.7%     -  547s
     0     0 301988.890    0 7881 1106028.72 301988.890  72.7%     -  579s
     0     0 301990.980    0 7929 1106028.72 301990.980  72.7%     -  640s
     0     0 301990.980    0 7929 1106028.72 301990.980  72.7%     -  681s
     0     2 302363.455    0 9012 1106028.72 302363.455  72.7%     -  690s
     1     4 303311.471    1 8789 1106028.72 302685.555  72.6%  1265  723s
     3     6 305623.359    2 10297 1106028.72 303315.225  72.6%  2833  790s
     4     6 360059.304    2 10516 1106028.72 303315.225  72.6%  3373  825s
     5     8 312040.027    2 7996 1106028.72 305624.040  72.4%  3190  836s
     7    10 306639.917    3 9927 1106028.72 305625.124  72.4%  2711  883s
     8    10 324795.498    3 9637 1106028.72 305625.124  72.4%  2630  918s
     9    10 365781.092    3 7925 1106028.72 306646.359  72.3%  2981  938s
    11    11 307120.364    4 9826 1106028.72 307120.364  72.2%  2504  995s
    13    14 307301.408    5 9799 1106028.72 307301.408  72.2%  2605 1006s
    16    17 309867.009    7 7496 1106028.72 309867.009  72.0%  2362 1053s
    17    18 326197.478    6 7179 1106028.72 309867.363  72.0%  2272 1106s
    18    19 313261.867    7 8525 1106028.72 309867.363  72.0%  2443 1155s
    20    22 313019.543    8 8927 1106028.72 309871.999  72.0%  2686 1188s
    22    23 312734.383    8 8001 1106028.72 309945.353  72.0%  2784 1209s
    25    24 313048.285    9 7840 1106028.72 309945.353  72.0%  2523 1225s
    28    30 313942.790   11 6248 1106028.72 309945.353  72.0%  2383 1321s
    29    31 330796.558   10 7357 1106028.72 309945.353  72.0%  2343 1356s
    30    32 314348.495   12 6088 1106028.72 309945.353  72.0%  2281 1400s
    35    36 315270.091   13 5965 1106028.72 309945.353  72.0%  2207 1464s
    41    44 316771.110   14 5943 1106028.72 309945.353  72.0%  2045 1485s
    48    47 317869.280   15 5955 1106028.72 309945.353  72.0%  1851 1621s
    50    53 327586.477   15 8438 1106028.72 309945.353  72.0%  1998 1700s
    52    51 321018.305   16 7520 1106028.72 309945.353  72.0%  2068 1735s
    54    57 329167.491   16 8442 1106028.72 309945.353  72.0%  2222 1804s
    56    55 321534.400   17 7548 1106028.72 309945.353  72.0%  2205 2054s
    58    58 325724.343   18 9274 1106028.72 309945.353  72.0%  2308 2177s
    61    63 330419.938   18 8705 1106028.72 309945.353  72.0%  2399 2230s
    65    67 327575.105   19 7457 1106028.72 309945.353  72.0%  2388 2263s
    68    68 328778.835   20 6318 1106028.72 309945.353  72.0%  2367 2357s
H   72    73                    426129.23675 309945.353  27.3%  2297 2484s
    74    75 331599.585   22 6309 426129.237 309945.353  27.3%  2261 2514s
    84    83 331908.859   23 5818 426129.237 309945.353  27.3%  2061 2529s
   102   105 338646.294   32 5461 426129.237 309945.353  27.3%  1736 2558s
   108   108 341168.629   36 5640 426129.237 309945.353  27.3%  1721 2577s
   128   129 345472.456   47 4930 426129.237 309945.353  27.3%  1493 2594s
   149   150 348756.733   60 4943 426129.237 309945.353  27.3%  1315 2621s
   157   160 353164.666   61 4918 426129.237 309945.353  27.3%  1296 2649s
   170   169 356913.857   63 4956 426129.237 309945.353  27.3%  1251 2677s
   191   192 365672.459   81 5159 426129.237 309945.353  27.3%  1157 2755s
   226   227 370967.151  101 5338 426129.237 309945.353  27.3%  1030 2792s
   237   238 374553.044  105 4720 426129.237 309945.353  27.3%  1035 2843s
   253   254 382230.211  115 2908 426129.237 309945.353  27.3%  1047 2887s
   280   278 388751.571  116 3599 426129.237 312736.718  26.6%  1013 2934s
   316   305 415074.919  133    - 426129.237 313019.625  26.5%   972 3120s
*  327   317             133    415074.91853 313024.130  24.6%  1004 3310s
H  334   285                    396751.70749 313024.130  21.1%  1073 3366s
   369   288 320378.394   11 8728 396751.707 313024.130  21.1%   987 3543s
   374   293 325531.251   12 8743 396751.707 313049.387  21.1%  1058 3647s
   377   295 324304.862   15 8235 396751.707 313049.387  21.1%  1058 3729s
   383   300 328980.450   14 9094 396751.707 313049.387  21.1%  1108 3908s
   386   304 327919.753   15 8700 396751.707 313049.387  21.1%  1135 4018s
   388   303 325405.840   16 8380 396751.707 313049.387  21.1%  1143 4142s
H  399   252                    378055.24341 313049.387  17.2%  1140 4212s
   400   251 332991.773   26 8353 378055.243 313049.387  17.2%  1149 4295s
H  413   178                    362162.37784 313049.387  13.6%  1143 4330s
   415   191 333695.451   27 8519 362162.378 313049.387  13.6%  1157 4375s
   419   198 334919.136   29 8767 362162.378 313049.387  13.6%  1167 4465s
   427   205 339371.565   34 7749 362162.378 313049.387  13.6%  1181 4538s
   433   211 341680.697   37 7845 362162.378 313049.387  13.6%  1196 4625s
   450   223 349059.826   48 7058 362162.378 313263.459  13.5%  1188 4829s
   497   268 316693.569   11 9489 362162.378 313263.459  13.5%  1141 4901s
   537   301 320253.863   14 9055 362162.378 313263.459  13.5%  1100 4948s
*  567   265             115    354777.27659 313263.459  11.7%  1051 4987s
*  569   265             115    354764.60315 313263.459  11.7%  1047 5026s
*  576   265             115    354754.10081 313263.459  11.7%  1034 5066s
   592   291 318728.695   14 9581 354754.101 313263.459  11.7%  1009 5180s
   596   295 321409.321   13 10231 354754.101 313263.459  11.7%  1045 5234s
   604   296 321357.064   15 9178 354754.101 313263.459  11.7%  1042 5281s
   626   321 327608.893   24 8955 354754.101 313263.459  11.7%  1024 5334s
   635   327 332878.953   25 9513 354754.101 313263.459  11.7%  1032 5526s
   670   360 330998.133   28 8462 354754.101 313263.459  11.7%  1023 5637s
   681   367 337617.985   36 8710 354754.101 313263.459  11.7%  1036 5698s
   707   372 341567.451   41 7908 354754.101 315234.261  11.1%  1023 5808s
   753   405 342804.666   40 7929 354754.101 316346.963  10.8%   994 6014s
H  754   385                    333905.94325 333293.056  0.18%   993 6160s
H  754   366                    333889.19192 333293.056  0.18%   993 6196s
   755   366 333889.192   13 3274 333889.192 333293.056  0.18%   992 6217s
   756   367 333889.192   30 2110 333889.192 333488.724  0.12%   990 6242s
   758   370 333889.192   50 7929 333889.192 333488.724  0.12%  1086 6256s
H  759   352                    333881.78467 333488.724  0.12%  1084 6298s
   760   352 333881.785   33 3254 333881.785 333488.724  0.12%  1083 6302s
   761   353 333881.785   40 2086 333881.785 333687.298  0.06%  1082 6306s
   763   356 333881.785   29 7929 333881.785 333687.298  0.06%  1110 6310s
H  764   339                    333872.60125 333687.298  0.06%  1109 6350s
   765   339 333872.601   28 2066 333872.601 333687.298  0.06%  1107 6356s
H  765   322                    333871.02819 333758.963  0.03%  1107 6413s
   767   324 333871.028   37 2054 333871.028 333768.488  0.03%  1104 6443s
H  767   307                    333864.61009 333784.923  0.02%  1104 6481s
   768   307 333864.610   37 2062 333864.610 333784.923  0.02%  1103 6489s
*  768   292              33    333862.00147 333862.001  0.00%  1103 6524s

Cutting planes:
  Gomory: 8
  Zero half: 337

Explored 769 nodes (896686 simplex iterations) in 6524.45 seconds
Thread count was 4 (of 4 available processors)

Solution count 10: 333862 333865 333871 ... 354777
Pool objective bound 333862

Optimal solution found (tolerance 1.00e-04)
Best objective 3.338620014732e+05, best bound 3.338620014732e+05, gap 0.0000%
