
Gurobi 7.0.1 (win64) logging started 03/31/17 15:37:39

Changed value of parameter LogFile to log_prov_code_24_25_26.log
   Prev: gurobi.log  Default: 
Changed value of parameter LazyConstraints to 1
   Prev: 0  Min: 0  Max: 1  Default: 0
Optimize a model with 9210 rows, 318983 columns and 638400 nonzeros
Variable types: 0 continuous, 318983 integer (318983 binary)
Coefficient statistics:
  Matrix range     [1e+00, 1e+05]
  Objective range  [2e-01, 3e+02]
  Bounds range     [1e+00, 1e+00]
  RHS range        [1e+00, 6e+00]
Presolve removed 236 rows and 0 columns
Presolve time: 0.96s
Presolved: 8974 rows, 318983 columns, 638164 nonzeros

MIP start did not produce a new incumbent solution
MIP start violates constraint R0 by 379999.000000000

Variable types: 0 continuous, 318983 integer (318983 binary)
Found heuristic solution: objective 906927.40205

Root simplex log...

Iteration    Objective       Primal Inf.    Dual Inf.      Time
       0    0.0000000e+00   8.340000e+03   0.000000e+00     96s
    8454    2.2427974e+05   0.000000e+00   0.000000e+00     96s

Root relaxation: objective 2.242797e+05, 8454 iterations, 0.12 seconds

    Nodes    |    Current Node    |     Objective Bounds      |     Work
 Expl Unexpl |  Obj  Depth IntInf | Incumbent    BestBd   Gap | It/Node Time

     0     0 224279.735    0  104 906927.402 224279.735  75.3%     -   96s
Another try with MIP start
     0     0 224279.735    0  104 906927.402 224279.735  75.3%     -  184s
     0     0 224279.735    0  104 906927.402 224279.735  75.3%     -  221s
     0     0 224279.735    0  104 906927.402 224279.735  75.3%     -  255s
     0     0 224279.735    0  104 906927.402 224279.735  75.3%     -  289s
     0     0 224279.735    0  104 906927.402 224279.735  75.3%     -  323s
     0     0 224279.735    0  104 906927.402 224279.735  75.3%     -  359s
     0     0 224279.735    0  104 906927.402 224279.735  75.3%     -  392s
     0     0 253603.456    0 4018 906927.402 253603.456  72.0%     -  395s
     0     0 253603.456    0 4018 906927.402 253603.456  72.0%     -  430s
H    0     0                    839954.69134 253603.456  69.8%     -  467s
     0     0 271026.872    0 5234 839954.691 271026.872  67.7%     -  474s
     0     0 290668.600    0 8623 839954.691 290668.600  65.4%     -  483s
     0     0 290668.600    0 8623 839954.691 290668.600  65.4%     -  550s
     0     0 290668.600    0 8623 839954.691 290668.600  65.4%     -  611s
H    0     0                    536051.52425 290668.600  45.8%     -  642s
     0     0 329128.355    0 11255 536051.524 329128.355  38.6%     -  656s
     0     0 345821.558    0 11624 536051.524 345821.558  35.5%     -  679s
     0     0 345821.558    0 11624 536051.524 345821.558  35.5%     -  712s
     0     0 346184.634    0 11860 536051.524 346184.634  35.4%     -  750s
     0     2 346184.634    0 11860 536051.524 346184.634  35.4%     -  976s
     1     4 346774.586    1 11718 536051.524 346774.586  35.3%   761 1016s
     3     4 347059.291    2 11591 536051.524 347059.291  35.3%  2660 1020s
     5     6 371165.841    3 9286 536051.524 347074.516  35.3%  2442 1041s
     7     6 359968.031    3 10906 536051.524 359968.031  32.8%  2457 1056s
     9     7 360377.356    4 10921 536051.524 360377.356  32.8%  2129 1073s
    11     8 360902.723    5 10953 536051.524 360525.768  32.7%  2223 1134s
    13     9 361119.358    6 11194 536051.524 360525.768  32.7%  2123 1145s
    16    12 371905.246    8 8749 536051.524 360525.768  32.7%  2051 1192s
    18    13 398141.622    8 8778 536051.524 360525.768  32.7%  1967 1197s
    20    11 372257.022    9 8614 536051.524 360525.768  32.7%  1818 1204s
    24    16 373021.108   12 8468 536051.524 360525.768  32.7%  1658 1237s
    28    18 373404.696   13 8281 536051.524 360525.768  32.7%  1660 1259s
    32    21 375034.231   15 8153 536051.524 360525.768  32.7%  1578 1284s
    37    28 374762.305   18 7770 536051.524 360525.768  32.7%  1492 1297s
    42    31 378349.482   20 7942 536051.524 360525.768  32.7%  1412 1369s
    45    34 378254.167   21 7951 536051.524 360525.768  32.7%  1466 1379s
    50    40 377295.412   22 7783 536051.524 360525.768  32.7%  1390 1432s
    59    50 379177.754   25 6924 536051.524 360525.768  32.7%  1237 1531s
    63    48 379004.289   26 5955 536051.524 360525.768  32.7%  1213 1541s
    75    62 381654.800   33 4893 536051.524 360525.768  32.7%  1054 1556s
    77    64 477334.012   19 6481 536051.524 360525.768  32.7%  1101 1598s
    80    63 443172.209   33    - 536051.524 360525.768  32.7%  1144 1675s
    83    66 527500.365   20    - 536051.524 360525.768  32.7%  1165 1768s
*   86    50              34    445647.75678 360525.768  19.1%  1217 1892s
*   90    45              35    445063.10907 360525.768  19.0%  1391 1947s
    93    45 392630.045   36 9285 445063.109 360525.768  19.0%  1395 1961s
    95    46 393284.970   37 9160 445063.109 371258.662  16.6%  1388 1985s
*   96    44              37    437297.36757 371258.662  15.1%  1443 2029s
    98    46 393375.831   38 9130 437297.368 371506.311  15.0%  1440 2062s
*  103    46              41    423725.83897 371506.311  12.3%  1473 2159s
   106    49 397492.011   43 8703 423725.839 371506.311  12.3%  1478 2198s
   108    48     cutoff   43      423725.839 371506.311  12.3%  1504 2218s
   111    51     cutoff   44      423725.839 371506.311  12.3%  1507 2254s
   121    57 399821.283   52 8593 423725.839 371506.311  12.3%  1440 2269s
   128    62 401132.033   55 8159 423725.839 371506.311  12.3%  1396 2280s
   141    73 405033.378   61 7661 423725.839 371506.311  12.3%  1308 2294s
   146    75 405838.810   63 7441 423725.839 371506.311  12.3%  1302 2312s
   154    76 414576.817   67 6913 423725.839 371506.311  12.3%  1275 2326s
   171    85 414667.703   78 4182 423725.839 372503.130  12.1%  1181 2422s
   181    91 381887.334   12 11357 423725.839 372503.130  12.1%  1220 2442s
   189    95 384238.322   18 9001 423725.839 372503.130  12.1%  1194 2466s
   195   102 385942.121   21 8917 423725.839 372503.130  12.1%  1189 2495s
   207   117 394421.106   26 7368 423725.839 372503.130  12.1%  1159 2529s
   226   130 409007.831   40 5767 423725.839 372503.130  12.1%  1104 2553s
   254   155 419030.068   62 4366 423725.839 373049.375  12.0%  1010 2672s
   268   166 377975.433   11 10916 423725.839 373049.375  12.0%  1020 2700s
   281   173 381039.210   17 8839 423725.839 373049.375  12.0%  1009 2727s
   287   179 381604.126   19 8776 423725.839 373049.375  12.0%  1002 2764s
   293   184 382435.357   20 8804 423725.839 373049.375  12.0%   991 2808s
   316   198 389637.925   28 8903 423725.839 373049.375  12.0%   961 2833s
   327   206 392519.940   32 7351 423725.839 373049.375  12.0%   949 2864s
   337   214 398425.769   40 3949 423725.839 373049.375  12.0%   946 2885s
   371   249 384214.389   23 8290 423725.839 373049.375  12.0%   872 2924s
*  376   198              73    412246.99981 373751.261  9.34%   870 3022s
   397   207 379561.266   10 10679 412247.000 373751.261  9.34%   864 3093s
   437   241 382286.639   16 8653 412247.000 373751.261  9.34%   808 3185s
   455   252 386019.881   22 8184 412247.000 373751.261  9.34%   814 3307s
   457   255 386458.514   23 8033 412247.000 373751.261  9.34%   812 3402s
   468   264 390350.681   29 7583 412247.000 373751.261  9.34%   812 3443s
   480   276 395895.011   34 4394 412247.000 373751.261  9.34%   808 3483s
   502   294 406788.154   50 3152 412247.000 374348.176  9.19%   794 3540s
*  521   290              68    411790.87642 374348.176  9.09%   769 3596s
   527   311 380565.073   14 10556 411790.876 374348.176  9.09%   787 3640s
   534   311 383248.060   18 11260 411790.876 374348.176  9.09%   795 3780s
   547   323 385164.571   20 11036 411790.876 374348.176  9.09%   809 3872s
   555   328 387817.573   23 10950 411790.876 374348.176  9.09%   817 3949s
   561   334 389936.549   26 8985 411790.876 374348.176  9.09%   827 4042s
   567   340 394139.346   29 7661 411790.876 374348.176  9.09%   837 4159s
   578   351 398246.248   32 7692 411790.876 374348.176  9.09%   837 4271s
   590   363 394465.042   35 7873 411790.876 374348.176  9.09%   832 4340s
   593   362 409683.472   44 5524 411790.876 374523.350  9.05%   842 4433s
   606   370 381000.489   16 10365 411790.876 374523.350  9.05%   859 4570s
   627   386 383893.826   21 9592 411790.876 374523.350  9.05%   871 4792s
   629   389 384522.000   22 9974 411790.876 374523.350  9.05%   870 4856s
   640   398 390368.210   27 10523 411790.876 374523.350  9.05%   876 4920s
   647   405 393294.558   30 11911 411790.876 374523.350  9.05%   888 5031s
   653   411 394190.358   32 8568 411790.876 374523.350  9.05%   898 5117s
   681   435 400682.510   35 7739 411790.876 374523.350  9.05%   891 5248s
   703   452 410436.866   43 8955 411790.876 375516.117  8.81%   893 5370s
   727   469 380095.856   17 11860 411790.876 375516.117  8.81%   891 5570s
*  728   446              10    404260.57842 404260.578  0.00%   890 5831s

Cutting planes:
  Lazy constraints: 12639

Explored 728 nodes (775663 simplex iterations) in 5831.83 seconds
Thread count was 4 (of 4 available processors)

Solution count 10: 404261 411791 412247 ... 906927
Pool objective bound 404261

Optimal solution found (tolerance 1.00e-04)
Best objective 4.042605784215e+05, best bound 4.042605784215e+05, gap 0.0000%
