
Gurobi 7.0.1 (win64) logging started 03/28/17 19:42:59

Changed value of parameter LogFile to log_prov_4.log
   Prev: gurobi.log  Default: 
Changed value of parameter LazyConstraints to 1
   Prev: 0  Min: 0  Max: 1  Default: 0
Optimize a model with 5132 rows, 243899 columns and 488232 nonzeros
Variable types: 0 continuous, 243899 integer (243899 binary)
Coefficient statistics:
  Matrix range     [1e+00, 1e+05]
  Objective range  [2e-01, 3e+02]
  Bounds range     [1e+00, 1e+00]
  RHS range        [1e+00, 6e+00]
Presolve removed 248 rows and 0 columns
Presolve time: 0.76s
Presolved: 4884 rows, 243899 columns, 487984 nonzeros

MIP start did not produce a new incumbent solution
MIP start violates constraint R0 by 869999.000000000

Variable types: 0 continuous, 243899 integer (243899 binary)
Found heuristic solution: objective 714586.03076
Found heuristic solution: objective 612511.74595

Root simplex log...

Iteration    Objective       Primal Inf.    Dual Inf.      Time
       0    0.0000000e+00   4.262000e+03   0.000000e+00     72s
    4304    1.0584349e+05   0.000000e+00   0.000000e+00     72s

Root relaxation: objective 1.058435e+05, 4304 iterations, 0.07 seconds

    Nodes    |    Current Node    |     Objective Bounds      |     Work
 Expl Unexpl |  Obj  Depth IntInf | Incumbent    BestBd   Gap | It/Node Time

     0     0 105843.493    0   30 612511.746 105843.493  82.7%     -   72s
Another try with MIP start
     0     0 105843.493    0   30 612511.746 105843.493  82.7%     -   89s
     0     0 105843.493    0   30 612511.746 105843.493  82.7%     -  109s
     0     0 105843.493    0   30 612511.746 105843.493  82.7%     -  128s
     0     0 105843.493    0   30 612511.746 105843.493  82.7%     -  148s
     0     0 105843.493    0   30 612511.746 105843.493  82.7%     -  167s
     0     0 105843.493    0   30 612511.746 105843.493  82.7%     -  186s
     0     0 105843.493    0   30 612511.746 105843.493  82.7%     -  206s
     0     0 113618.344    0 1669 612511.746 113618.344  81.5%     -  207s
     0     0 113618.344    0 1669 612511.746 113618.344  81.5%     -  226s
     0     0 113618.344    0 1669 612511.746 113618.344  81.5%     -  278s
     0     0 113618.344    0 1669 612511.746 113618.344  81.5%     -  280s
     0     0 113618.344    0 1669 612511.746 113618.344  81.5%     -  298s
     0     2 113824.186    0 1939 612511.746 113824.186  81.4%     -  319s
     1     4 118655.974    1 1261 612511.746 113827.918  81.4%   794  321s
     5     8 118969.712    2 1022 612511.746 115049.105  81.2%   552  326s
    13    14 119011.252    5 1918 612511.746 116566.826  81.0%   464  330s
    18    21 119727.398    6 1583 612511.746 116566.826  81.0%   406  335s
    34    31 125339.372   10  134 612511.746 116566.826  81.0%   341  359s
    38    36 120317.272   12   32 612511.746 116566.826  81.0%   320  386s
    40    38 138788.078   12    - 612511.746 116566.826  81.0%   330  407s
    45    40 138733.224   13    - 612511.746 116566.826  81.0%   330  427s
    50    44 121521.486   14  816 612511.746 116566.826  81.0%   320  466s
    51    42 143539.526   15    - 612511.746 116566.826  81.0%   314  486s
*   53    41              16    144912.08842 116566.826  19.6%   315  505s
*   54    41              17    141035.57093 116566.826  17.3%   317  524s
    60    47     cutoff   19      141035.571 116566.826  17.3%   300  525s
*   89    60              29    140899.59266 116632.186  17.2%   220  545s
   102    70 119653.474    4 1339 140899.593 116632.186  17.2%   204  566s
H  113    36                    121907.02616 116632.186  4.33%   188  586s
   162    44 121695.260    7 1452 121907.026 117240.516  3.83%   161  590s
   213    42 120797.534    4 1740 121907.026 118971.790  2.41%   157  595s
   232    47 119937.508    4 1759 121907.026 119075.133  2.32%   159  601s
   254    50     cutoff   11      121907.026 119248.345  2.18%   158  605s
   265    43 120982.873   10 1064 121907.026 119300.570  2.14%   160  611s
   294    34 120710.699   10  713 121907.026 119577.555  1.91%   161  616s
*  329    32              19    121887.41749 120254.419  1.34%   155  636s
   356    31 121133.715    7 2156 121887.417 120583.360  1.07%   154  640s
   363    34 121656.924   14    - 121887.417 120583.360  1.07%   154  658s
   364    33     cutoff   14      121887.417 120797.604  0.89%   154  681s
   401    20 121595.657   10 1446 121887.417 121062.073  0.68%   154  690s
*  417     0              17    121860.37407 121062.073  0.66%   158  710s
*  446     0              16    121740.99719 121740.997  0.00%   153  728s

Cutting planes:
  Cover: 12
  Clique: 1187
  MIR: 7
  Lazy constraints: 70237

Explored 447 nodes (75457 simplex iterations) in 728.35 seconds
Thread count was 4 (of 4 available processors)

Solution count 9: 121741 121860 121887 ... 714586
Pool objective bound 121741

Optimal solution found (tolerance 1.00e-04)
Best objective 1.217409971877e+05, best bound 1.217409971877e+05, gap 0.0000%
