
Gurobi 7.0.1 (win64) logging started 03/25/17 11:29:21

Changed value of parameter LogFile to ProvinceRunOutputs/log_prov6.log
   Prev: gurobi.log  Default: 
Optimize a model with 3944 rows, 199965 columns and 400364 nonzeros
Variable types: 0 continuous, 199965 integer (199965 binary)
Coefficient statistics:
  Matrix range     [1e+00, 1e+05]
  Objective range  [2e-01, 3e+02]
  Bounds range     [1e+00, 1e+00]
  RHS range        [1e+00, 6e+00]
Found heuristic solution: objective 313140
Presolve removed 520 rows and 9144 columns
Presolve time: 0.81s
Presolved: 3424 rows, 190821 columns, 381810 nonzeros

MIP start did not produce a new incumbent solution
MIP start violates constraint R0 by 999999.000000000

Variable types: 0 continuous, 190821 integer (190821 binary)

Root relaxation: objective 5.659837e+04, 3132 iterations, 0.08 seconds

    Nodes    |    Current Node    |     Objective Bounds      |     Work
 Expl Unexpl |  Obj  Depth IntInf | Incumbent    BestBd   Gap | It/Node Time

     0     0 56598.3678    0   46 313140.270 56598.3678  81.9%     -    1s
H    0     0                    77669.173383 56598.3678  27.1%     -    2s
H    0     0                    74899.358209 56598.3678  24.4%     -    3s
     0     0 60352.1784    0 1281 74899.3582 60352.1784  19.4%     -    5s
     0     0 60413.6627    0 1269 74899.3582 60413.6627  19.3%     -    6s
     0     0 64011.6780    0 3076 74899.3582 64011.6780  14.5%     -    8s
     0     0 64015.4108    0 3083 74899.3582 64015.4108  14.5%     -    9s
     0     0 65257.4650    0 3697 74899.3582 65257.4650  12.9%     -   10s
     0     0 65345.8764    0 3493 74899.3582 65345.8764  12.8%     -   11s
     0     0 65962.9164    0 4399 74899.3582 65962.9164  11.9%     -   13s
     0     0 65979.6284    0 4383 74899.3582 65979.6284  11.9%     -   14s
     0     0 66296.6941    0 4192 74899.3582 66296.6941  11.5%     -   15s
     0     0 66336.0437    0 4247 74899.3582 66336.0437  11.4%     -   16s
     0     0 66484.1456    0 4502 74899.3582 66484.1456  11.2%     -   17s
     0     0 66484.1456    0 4502 74899.3582 66484.1456  11.2%     -   21s
H    0     0                    68555.627725 66484.1456  3.02%     -   22s
H    0     2                    66910.204681 66484.1456  0.64%     -   38s
     0     2 66484.1456    0 4502 66910.2047 66484.1456  0.64%     -   38s
     3     4 66671.6399    2 4641 66910.2047 66514.3908  0.59%   543   40s
    51    31 66822.9731   26 3328 66910.2047 66655.3450  0.38%   133   45s
   176   141 66843.8286   92 2049 66910.2047 66655.3450  0.38%  65.3   50s
   322   282 66877.2661  156 2026 66910.2047 66655.3450  0.38%  48.8   55s
   506   438 66792.1471   31 2622 66910.2047 66694.8214  0.32%  36.0   60s
   693   581 66892.8261  123 2613 66910.2047 66694.8214  0.32%  31.4   65s
   733   615 66819.0987  107 4502 66910.2047 66694.8214  0.32%  30.8   72s

Explored 734 nodes (45512 simplex iterations) in 73.56 seconds
Thread count was 4 (of 4 available processors)

Solution count 5: 66910.2 68555.6 74899.4 ... 313140
Pool objective bound 66910.2

Optimal solution found (tolerance 1.00e-04)
Best objective 6.691020468100e+04, best bound 6.691020468100e+04, gap 0.0000%
Optimize a model with 4061 rows, 199965 columns and 400715 nonzeros
Variable types: 0 continuous, 199965 integer (199965 binary)
Coefficient statistics:
  Matrix range     [1e+00, 1e+05]
  Objective range  [2e-01, 3e+02]
  Bounds range     [1e+00, 1e+00]
  RHS range        [1e+00, 6e+00]
Found heuristic solution: objective 313140
Presolve removed 520 rows and 9144 columns
Presolve time: 1.06s
Presolved: 3541 rows, 190821 columns, 382161 nonzeros

MIP start did not produce a new incumbent solution
MIP start violates constraint R0 by 999999.000000000

Variable types: 0 continuous, 190821 integer (190821 binary)

Root relaxation: objective 5.659837e+04, 3134 iterations, 0.05 seconds

    Nodes    |    Current Node    |     Objective Bounds      |     Work
 Expl Unexpl |  Obj  Depth IntInf | Incumbent    BestBd   Gap | It/Node Time

     0     0 56598.3678    0   46 313140.270 56598.3678  81.9%     -    1s
H    0     0                    72289.608652 56598.3678  21.7%     -    2s
H    0     0                    72145.966107 56598.3678  21.6%     -    2s
H    0     0                    70936.865573 56598.3678  20.2%     -    5s
     0     0 60458.0625    0 1425 70936.8656 60458.0625  14.8%     -    5s
     0     0 60672.6917    0 1477 70936.8656 60672.6917  14.5%     -    7s
     0     0 64160.6669    0 3161 70936.8656 64160.6669  9.55%     -    9s
     0     0 64284.7612    0 3219 70936.8656 64284.7612  9.38%     -   10s
     0     0 65573.9533    0 3629 70936.8656 65573.9533  7.56%     -   13s
     0     0 65590.7867    0 3661 70936.8656 65590.7867  7.54%     -   14s
     0     0 65995.8143    0 4232 70936.8656 65995.8143  6.97%     -   17s
     0     0 66126.9705    0 4144 70936.8656 66126.9705  6.78%     -   18s
     0     0 66365.5726    0 4633 70936.8656 66365.5726  6.44%     -   20s
H    0     0                    69691.948827 66365.5726  4.77%     -   20s
     0     0 66393.6507    0 5030 69691.9488 66393.6507  4.73%     -   22s
     0     0 66597.1337    0 4582 69691.9488 66597.1337  4.44%     -   24s
H    0     0                    68950.569577 66597.1337  3.41%     -   25s
     0     0 66611.0948    0 5074 68950.5696 66611.0948  3.39%     -   25s
     0     0 66736.0031    0 5262 68950.5696 66736.0031  3.21%     -   27s
     0     0 66736.0031    0 5261 68950.5696 66736.0031  3.21%     -   32s
H    0     2                    66929.439382 66736.0031  0.29%     -   56s
H    0     2                    66910.204681 66736.0031  0.26%     -   56s
     0     2 66736.0031    0 5261 66910.2047 66736.0031  0.26%     -   56s
     3     4 66758.2054    2 4668 66910.2047 66758.2054  0.23%   701   60s
    54    41 66853.4257   27 1857 66910.2047 66773.1377  0.20%   111   65s
   186   160 66879.5957   96 1720 66910.2047 66773.1377  0.20%  46.2   70s
   248   207 66884.0638  137 1713 66910.2047 66773.1377  0.20%  47.9   75s
   356   272     cutoff   22      66910.2047 66832.9186  0.12%  48.9   80s
   459   306     cutoff   21      66910.2047 66835.2049  0.11%  53.3   85s
   508   307 66902.8792   27 2326 66910.2047 66836.3894  0.11%  61.2   90s
   595   311 66905.5703   23 2428 66910.2047 66838.0005  0.11%  66.6   96s
   665   305 66902.8265   29 3106 66910.2047 66838.3508  0.11%  70.0  100s
   760   341 66886.9112   29 1951 66910.2047 66845.1404  0.10%  68.6  106s
   872   422 66891.5956   41 1524 66910.2047 66854.7618  0.08%  62.9  110s
   944   479 66893.1507   43 5261 66910.2047 66854.9751  0.08%  60.2  116s

Explored 945 nodes (83977 simplex iterations) in 117.66 seconds
Thread count was 4 (of 4 available processors)

Solution count 8: 66910.2 66929.4 68950.6 ... 313140
Pool objective bound 66910.2

Optimal solution found (tolerance 1.00e-04)
Best objective 6.691020468100e+04, best bound 6.691020468100e+04, gap 0.0000%
Optimize a model with 4420 rows, 199965 columns and 401792 nonzeros
Variable types: 0 continuous, 199965 integer (199965 binary)
Coefficient statistics:
  Matrix range     [1e+00, 1e+05]
  Objective range  [2e-01, 3e+02]
  Bounds range     [1e+00, 1e+00]
  RHS range        [1e+00, 6e+00]
Found heuristic solution: objective 313140
Presolve removed 520 rows and 9144 columns
Presolve time: 0.77s
Presolved: 3900 rows, 190821 columns, 383238 nonzeros

MIP start did not produce a new incumbent solution
MIP start violates constraint R0 by 999999.000000000

Variable types: 0 continuous, 190821 integer (190821 binary)

Root relaxation: objective 5.660888e+04, 3143 iterations, 0.03 seconds

    Nodes    |    Current Node    |     Objective Bounds      |     Work
 Expl Unexpl |  Obj  Depth IntInf | Incumbent    BestBd   Gap | It/Node Time

     0     0 56608.8758    0   46 313140.270 56608.8758  81.9%     -    1s
H    0     0                    76309.656473 56608.8758  25.8%     -    2s
H    0     0                    73771.074358 56608.8758  23.3%     -    2s
     0     0 60653.0437    0 1393 73771.0744 60653.0437  17.8%     -    5s
     0     0 60721.3373    0 1611 73771.0744 60721.3373  17.7%     -    6s
     0     0 63982.8876    0 3047 73771.0744 63982.8876  13.3%     -    8s
     0     0 64003.0450    0 3151 73771.0744 64003.0450  13.2%     -    9s
     0     0 65403.4779    0 4118 73771.0744 65403.4779  11.3%     -   11s
     0     0 65436.5528    0 4160 73771.0744 65436.5528  11.3%     -   12s
     0     0 66097.6850    0 4629 73771.0744 66097.6850  10.4%     -   14s
H    0     0                    68072.124929 66097.6850  2.90%     -   14s
     0     0 66228.1386    0 4625 68072.1249 66228.1386  2.71%     -   15s
     0     0 66459.7594    0 4811 68072.1249 66459.7594  2.37%     -   16s
     0     0 66505.2682    0 5076 68072.1249 66505.2682  2.30%     -   17s
     0     0 66668.8534    0 5289 68072.1249 66668.8534  2.06%     -   19s
     0     0 66668.8534    0 5289 68072.1249 66668.8534  2.06%     -   24s
H    0     2                    67102.958793 66668.8534  0.65%     -   45s
     0     2 66668.8534    0 5289 67102.9588 66668.8534  0.65%     -   45s
    31    24     cutoff   13      67102.9588 66716.8020  0.58%   140   50s
   198   175 66913.9895   86 2045 67102.9588 66716.8020  0.58%  37.6   55s
   340   288 66983.7510  171 1884 67102.9588 66746.4706  0.53%  32.5   60s
   509   447 67009.7029  272 1879 67102.9588 66746.6550  0.53%  27.6   65s
   636   556     cutoff   30      67102.9588 66805.8088  0.44%  31.3   70s
   756   659 67071.4454   64 5289 67102.9588 66805.8088  0.44%  28.8   80s
   758   660 67092.6389   90 3337 67102.9588 67092.6389  0.02%  28.7  101s
   759   661 67094.4399  140 3337 67102.9588 67094.4399  0.01%  28.7  105s

Cutting planes:
  Gomory: 2
  Zero half: 10

Explored 763 nodes (49029 simplex iterations) in 109.38 seconds
Thread count was 4 (of 4 available processors)

Solution count 5: 67103 68072.1 73771.1 ... 313140
Pool objective bound 67097.1

Optimal solution found (tolerance 1.00e-04)
Best objective 6.710295879330e+04, best bound 6.709709333359e+04, gap 0.0087%
Optimize a model with 4463 rows, 199965 columns and 401921 nonzeros
Variable types: 0 continuous, 199965 integer (199965 binary)
Coefficient statistics:
  Matrix range     [1e+00, 1e+05]
  Objective range  [2e-01, 3e+02]
  Bounds range     [1e+00, 1e+00]
  RHS range        [1e+00, 6e+00]
Found heuristic solution: objective 313140
Presolve removed 520 rows and 9144 columns
Presolve time: 1.20s
Presolved: 3943 rows, 190821 columns, 383367 nonzeros

MIP start did not produce a new incumbent solution
MIP start violates constraint R0 by 999999.000000000

Variable types: 0 continuous, 190821 integer (190821 binary)

Root relaxation: objective 5.660888e+04, 3143 iterations, 0.10 seconds

    Nodes    |    Current Node    |     Objective Bounds      |     Work
 Expl Unexpl |  Obj  Depth IntInf | Incumbent    BestBd   Gap | It/Node Time

     0     0 56608.8758    0   46 313140.270 56608.8758  81.9%     -    1s
H    0     0                    127261.53570 56608.8758  55.5%     -    3s
H    0     0                    79442.475474 56608.8758  28.7%     -    3s
H    0     0                    77348.751919 56608.8758  26.8%     -    4s
     0     0 61238.9272    0 1697 77348.7519 61238.9272  20.8%     -    8s
     0     0 61397.2136    0 2103 77348.7519 61397.2136  20.6%     -   10s
     0     0 64366.5636    0 3376 77348.7519 64366.5636  16.8%     -   12s
     0     0 64386.5766    0 3676 77348.7519 64386.5766  16.8%     -   13s
     0     0 65702.2897    0 4175 77348.7519 65702.2897  15.1%     -   15s
     0     0 65787.1558    0 4277 77348.7519 65787.1558  14.9%     -   16s
     0     0 66405.4090    0 4996 77348.7519 66405.4090  14.1%     -   18s
H    0     0                    74124.282219 66405.4090  10.4%     -   19s
     0     0 66442.0593    0 5031 74124.2822 66442.0593  10.4%     -   19s
     0     0 66634.2358    0 5168 74124.2822 66634.2358  10.1%     -   21s
     0     0 66634.2358    0 5167 74124.2822 66634.2358  10.1%     -   28s
H    0     0                    67894.646414 66634.2358  1.86%     -   28s
     0     0 67092.6389    0 3338 67894.6464 67092.6389  1.18%     -   36s
H    0     0                    67122.193494 67092.6389  0.04%     -   40s
     0     0 67112.0308    0 2360 67122.1935 67112.0308  0.02%     -   45s
     0     0 67112.0308    0 2269 67122.1935 67112.0308  0.02%     -   47s
     0     0 67113.7441    0 2269 67122.1935 67113.7441  0.01%     -   52s
     0     0 67113.7441    0 1467 67122.1935 67113.7441  0.01%     -   52s
     0     0 67114.0881    0 1467 67122.1935 67114.0881  0.01%     -   54s
     0     0 67116.8440    0 1467 67122.1935 67116.8440  0.01%     -   55s

Cutting planes:
  Gomory: 3
  Zero half: 15

Explored 0 nodes (38178 simplex iterations) in 55.49 seconds
Thread count was 4 (of 4 available processors)

Solution count 7: 67122.2 67894.6 74124.3 ... 313140
Pool objective bound 67116.8

Optimal solution found (tolerance 1.00e-04)
Best objective 6.712219349429e+04, best bound 6.711684397309e+04, gap 0.0080%
Optimize a model with 4506 rows, 199965 columns and 402050 nonzeros
Variable types: 0 continuous, 199965 integer (199965 binary)
Coefficient statistics:
  Matrix range     [1e+00, 1e+05]
  Objective range  [2e-01, 3e+02]
  Bounds range     [1e+00, 1e+00]
  RHS range        [1e+00, 6e+00]
Found heuristic solution: objective 313140
Presolve removed 520 rows and 9144 columns
Presolve time: 0.85s
Presolved: 3986 rows, 190821 columns, 383496 nonzeros

MIP start did not produce a new incumbent solution
MIP start violates constraint R0 by 999999.000000000

Variable types: 0 continuous, 190821 integer (190821 binary)

Root relaxation: objective 5.660888e+04, 3143 iterations, 0.05 seconds

    Nodes    |    Current Node    |     Objective Bounds      |     Work
 Expl Unexpl |  Obj  Depth IntInf | Incumbent    BestBd   Gap | It/Node Time

     0     0 56608.8758    0   46 313140.270 56608.8758  81.9%     -    1s
H    0     0                    120254.98549 56608.8758  52.9%     -    2s
H    0     0                    86094.017568 56608.8758  34.2%     -    2s
H    0     0                    72811.395810 56608.8758  22.3%     -    2s
H    0     0                    71969.836125 56608.8758  21.3%     -    4s
     0     0 60912.6565    0 1804 71969.8361 60912.6565  15.4%     -    5s
     0     0 60914.7483    0 1781 71969.8361 60914.7483  15.4%     -    7s
     0     0 64473.5071    0 3233 71969.8361 64473.5071  10.4%     -    8s
     0     0 64473.5895    0 3236 71969.8361 64473.5895  10.4%     -    9s
     0     0 65502.5604    0 4128 71969.8361 65502.5604  8.99%     -   11s
     0     0 65535.1648    0 4135 71969.8361 65535.1648  8.94%     -   12s
     0     0 66136.1930    0 4195 71969.8361 66136.1930  8.11%     -   14s
     0     0 66344.9987    0 4708 71969.8361 66344.9987  7.82%     -   16s
     0     0 66626.5333    0 4948 71969.8361 66626.5333  7.42%     -   18s
H    0     0                    71181.746534 66626.5333  6.40%     -   18s
     0     0 66657.7167    0 5000 71181.7465 66657.7167  6.36%     -   19s
     0     0 66746.1851    0 5437 71181.7465 66746.1851  6.23%     -   20s
     0     0 66746.1851    0 5436 71181.7465 66746.1851  6.23%     -   28s
H    0     0                    70155.750596 66746.1851  4.86%     -   28s
H    0     2                    67122.193494 66746.1851  0.56%     -   54s
     0     2 66746.1851    0 5436 67122.1935 66746.1851  0.56%     -   54s
     1     2 66755.1940    1 5222 67122.1935 66755.1940  0.55%   435   55s
    31    20 67095.8323   17 4181 67122.1935 66795.3255  0.49%   121   60s
    96    56     cutoff   27      67122.1935 66805.9233  0.47%  89.6   65s
   208   124 66945.0132   84 3419 67122.1935 66883.5820  0.36%  59.0   70s
   354   221     cutoff  153      67122.1935 66883.5820  0.36%  48.0   75s
   437   261 67060.7727  177 1816 67122.1935 66912.4667  0.31%  51.0   80s
   582   361 67035.4289   69 1650 67122.1935 66912.4667  0.31%  46.2   85s
   727   454 67119.4547   50 5436 67122.1935 66932.2930  0.28%  42.2   95s
   729   455 67112.0308   79 2361 67122.1935 67112.0308  0.02%  42.1  113s
   730   456 67114.0340   84 2361 67122.1935 67114.0340  0.01%  42.0  115s

Cutting planes:
  Gomory: 3
  Zero half: 26

Explored 735 nodes (57207 simplex iterations) in 118.46 seconds
Thread count was 4 (of 4 available processors)

Solution count 8: 67122.2 70155.8 71181.7 ... 313140
Pool objective bound 67116.8

Optimal solution found (tolerance 1.00e-04)
Best objective 6.712219349429e+04, best bound 6.711682229377e+04, gap 0.0080%
Optimize a model with 4629 rows, 199965 columns and 402419 nonzeros
Variable types: 0 continuous, 199965 integer (199965 binary)
Coefficient statistics:
  Matrix range     [1e+00, 1e+05]
  Objective range  [2e-01, 3e+02]
  Bounds range     [1e+00, 1e+00]
  RHS range        [1e+00, 6e+00]
Found heuristic solution: objective 313140
Presolve removed 520 rows and 9144 columns
Presolve time: 0.86s
Presolved: 4109 rows, 190821 columns, 383865 nonzeros

MIP start did not produce a new incumbent solution
MIP start violates constraint R0 by 999999.000000000

Variable types: 0 continuous, 190821 integer (190821 binary)

Root relaxation: objective 5.672641e+04, 3221 iterations, 0.05 seconds

    Nodes    |    Current Node    |     Objective Bounds      |     Work
 Expl Unexpl |  Obj  Depth IntInf | Incumbent    BestBd   Gap | It/Node Time

     0     0 56726.4079    0   46 313140.270 56726.4079  81.9%     -    1s
H    0     0                    76930.100815 56726.4079  26.3%     -    2s
H    0     0                    74628.701362 56726.4079  24.0%     -    3s
H    0     0                    69300.859686 56726.4079  18.1%     -    4s
     0     0 60972.4707    0 1858 69300.8597 60972.4707  12.0%     -    5s
     0     0 61072.8648    0 2042 69300.8597 61072.8648  11.9%     -    7s
     0     0 64129.6711    0 3040 69300.8597 64129.6711  7.46%     -    9s
     0     0 64136.9092    0 3267 69300.8597 64136.9092  7.45%     -    9s
     0     0 65521.7624    0 4125 69300.8597 65521.7624  5.45%     -   11s
     0     0 65542.3101    0 4112 69300.8597 65542.3101  5.42%     -   12s
     0     0 66050.0696    0 4643 69300.8597 66050.0696  4.69%     -   14s
     0     0 66102.6280    0 4615 69300.8597 66102.6280  4.61%     -   14s
     0     0 66426.8094    0 4946 69300.8597 66426.8094  4.15%     -   16s
     0     0 66462.8790    0 4886 69300.8597 66462.8790  4.10%     -   18s
     0     0 66653.2243    0 5177 69300.8597 66653.2243  3.82%     -   20s
     0     0 66671.3867    0 5122 69300.8597 66671.3867  3.79%     -   21s
     0     0 66796.2765    0 5323 69300.8597 66796.2765  3.61%     -   22s
     0     0 66796.2765    0 5323 69300.8597 66796.2765  3.61%     -   26s
H    0     0                    69251.483536 66796.2765  3.55%     -   27s
H    0     2                    67124.428713 66796.2765  0.49%     -   41s
     0     2 66796.2765    0 5323 67124.4287 66796.2765  0.49%     -   41s
    20    12 66846.3897   11 4916 67124.4287 66845.7689  0.42%   167   45s
   123    93 66984.2924   61 3805 67124.4287 66845.7689  0.42%  64.7   50s
   217   161 67091.2256  101 3395 67124.4287 66845.7689  0.42%  51.8   55s
   327   250 67115.0618   17 2853 67124.4287 66847.3287  0.41%  49.0   60s
   432   332 66949.4328    9 4190 67124.4287 66847.4937  0.41%  48.4   65s
   606   468 67102.9137   53 2790 67124.4287 66847.4937  0.41%  38.0   70s
   702   544 67060.6101   25 3402 67124.4287 66877.7162  0.37%  39.9   75s
   744   583 66954.5200   48 5323 67124.4287 66877.7162  0.37%  38.9   82s

Explored 745 nodes (54872 simplex iterations) in 84.14 seconds
Thread count was 4 (of 4 available processors)

Solution count 6: 67124.4 69251.5 69300.9 ... 313140
Pool objective bound 67124.4

Optimal solution found (tolerance 1.00e-04)
Best objective 6.712442871271e+04, best bound 6.712442871271e+04, gap 0.0000%
Optimize a model with 4746 rows, 199965 columns and 402770 nonzeros
Variable types: 0 continuous, 199965 integer (199965 binary)
Coefficient statistics:
  Matrix range     [1e+00, 1e+05]
  Objective range  [2e-01, 3e+02]
  Bounds range     [1e+00, 1e+00]
  RHS range        [1e+00, 6e+00]
Found heuristic solution: objective 313140
Presolve removed 520 rows and 9144 columns
Presolve time: 0.79s
Presolved: 4226 rows, 190821 columns, 384216 nonzeros

MIP start did not produce a new incumbent solution
MIP start violates constraint R0 by 999999.000000000

Variable types: 0 continuous, 190821 integer (190821 binary)

Root relaxation: objective 5.684119e+04, 3336 iterations, 0.06 seconds

    Nodes    |    Current Node    |     Objective Bounds      |     Work
 Expl Unexpl |  Obj  Depth IntInf | Incumbent    BestBd   Gap | It/Node Time

     0     0 56841.1920    0   90 313140.270 56841.1920  81.8%     -    1s
H    0     0                    87935.349088 56841.1920  35.4%     -    2s
H    0     0                    87294.965551 56841.1920  34.9%     -    2s
H    0     0                    71505.791347 56841.1920  20.5%     -    5s
     0     0 61281.2845    0 2020 71505.7913 61281.2845  14.3%     -    6s
     0     0 61326.3203    0 2012 71505.7913 61326.3203  14.2%     -    7s
     0     0 64387.3134    0 3196 71505.7913 64387.3134  10.0%     -    9s
     0     0 64473.8411    0 3305 71505.7913 64473.8411  9.83%     -   10s
     0     0 65714.1555    0 4403 71505.7913 65714.1555  8.10%     -   13s
     0     0 65748.5748    0 4223 71505.7913 65748.5748  8.05%     -   14s
     0     0 66266.0603    0 4582 71505.7913 66266.0603  7.33%     -   16s
     0     0 66357.6214    0 4583 71505.7913 66357.6214  7.20%     -   17s
     0     0 66621.0909    0 4908 71505.7913 66621.0909  6.83%     -   18s
H    0     0                    67530.017919 66621.0909  1.35%     -   19s
     0     0 66678.5174    0 4873 67530.0179 66678.5174  1.26%     -   20s
     0     0 66849.6843    0 4972 67530.0179 66849.6843  1.01%     -   21s
     0     0 67155.6482    0 3337 67530.0179 67155.6482  0.55%     -   28s
H    0     0                    67469.027209 67155.6482  0.46%     -   29s
     0     0 67260.1443    0 1843 67469.0272 67260.1443  0.31%     -   33s
     0     0 67260.1443    0 3335 67469.0272 67260.1443  0.31%     -   37s
     0     0 67260.1443    0 1843 67469.0272 67260.1443  0.31%     -   40s
H    0     0                    67332.847732 67260.1443  0.11%     -   41s
     0     0 67317.6376    0 1774 67332.8477 67317.6376  0.02%     -   43s
     0     0 67317.6376    0 3227 67332.8477 67317.6376  0.02%     -   45s
     0     0 67317.6376    0 1802 67332.8477 67317.6376  0.02%     -   48s
     0     0 67317.6376    0 1768 67332.8477 67317.6376  0.02%     -   48s
     0     0 67318.2350    0 1768 67332.8477 67318.2350  0.02%     -   49s
     0     0 67318.2350    0 2873 67332.8477 67318.2350  0.02%     -   50s
     0     0 67318.2350    0 1655 67332.8477 67318.2350  0.02%     -   51s
     0     0 67318.2350    0 1657 67332.8477 67318.2350  0.02%     -   51s
     0     0 67319.5136    0 1657 67332.8477 67319.5136  0.02%     -   52s
     0     0 67319.8305    0 1656 67332.8477 67319.8305  0.02%     -   52s
     0     0 67320.3024    0 1656 67332.8477 67320.3024  0.02%     -   52s
H    0     0                    67326.027584 67320.3024  0.01%     -   52s

Cutting planes:
  Gomory: 4
  Implied bound: 25
  MIR: 46
  Zero half: 112

Explored 0 nodes (54968 simplex iterations) in 52.87 seconds
Thread count was 4 (of 4 available processors)

Solution count 9: 67326 67332.8 67332.8 ... 313140
Pool objective bound 67320.3

Optimal solution found (tolerance 1.00e-04)
Best objective 6.732602758387e+04, best bound 6.732030236646e+04, gap 0.0085%
Optimize a model with 5138 rows, 199965 columns and 403946 nonzeros
Variable types: 0 continuous, 199965 integer (199965 binary)
Coefficient statistics:
  Matrix range     [1e+00, 1e+05]
  Objective range  [2e-01, 3e+02]
  Bounds range     [1e+00, 1e+00]
  RHS range        [1e+00, 6e+00]
Found heuristic solution: objective 313140
Presolve removed 520 rows and 9144 columns
Presolve time: 0.86s
Presolved: 4618 rows, 190821 columns, 385392 nonzeros

MIP start did not produce a new incumbent solution
MIP start violates constraint R0 by 999999.000000000

Variable types: 0 continuous, 190821 integer (190821 binary)

Root relaxation: objective 5.684206e+04, 3333 iterations, 0.06 seconds

    Nodes    |    Current Node    |     Objective Bounds      |     Work
 Expl Unexpl |  Obj  Depth IntInf | Incumbent    BestBd   Gap | It/Node Time

     0     0 56842.0600    0   91 313140.270 56842.0600  81.8%     -    1s
H    0     0                    78559.323848 56842.0600  27.6%     -    2s
H    0     0                    78438.285661 56842.0600  27.5%     -    5s
     0     0 61890.0187    0 2245 78438.2857 61890.0187  21.1%     -    6s
H    0     0                    74666.500565 61890.0187  17.1%     -    7s
     0     0 61933.5087    0 2235 74666.5006 61933.5087  17.1%     -    7s
     0     0 64615.9734    0 3218 74666.5006 64615.9734  13.5%     -    9s
     0     0 64687.9661    0 3323 74666.5006 64687.9661  13.4%     -   10s
     0     0 65945.5863    0 4498 74666.5006 65945.5863  11.7%     -   13s
     0     0 65970.6108    0 4626 74666.5006 65970.6108  11.6%     -   14s
     0     0 66514.4828    0 4735 74666.5006 66514.4828  10.9%     -   16s
H    0     0                    72523.268720 66514.4828  8.29%     -   16s
     0     0 66612.4256    0 4996 72523.2687 66612.4256  8.15%     -   17s
     0     0 66869.4192    0 5016 72523.2687 66869.4192  7.80%     -   19s
H    0     0                    67744.566048 66869.4192  1.29%     -   19s
     0     0 66890.7743    0 5097 67744.5660 66890.7743  1.26%     -   19s
     0     0 67012.3989    0 5430 67744.5660 67012.3989  1.08%     -   21s
     0     0 67158.5869    0 3332 67744.5660 67158.5869  0.86%     -   27s
H    0     0                    67648.670829 67158.5869  0.72%     -   29s
     0     0 67341.5431    0 2846 67648.6708 67341.5431  0.45%     -   36s
     0     0 67341.5431    0 3330 67648.6708 67341.5431  0.45%     -   41s
     0     0 67341.5431    0 2846 67648.6708 67341.5431  0.45%     -   45s
H    0     0                    67403.330589 67341.5431  0.09%     -   45s
     0     0 67396.9517    0 3407 67403.3306 67396.9517  0.01%     -   48s

Cutting planes:
  Gomory: 3
  MIR: 32
  Zero half: 197

Explored 0 nodes (44475 simplex iterations) in 48.27 seconds
Thread count was 4 (of 4 available processors)

Solution count 8: 67403.3 67648.7 67744.6 ... 313140
Pool objective bound 67397

Optimal solution found (tolerance 1.00e-04)
Best objective 6.740333058899e+04, best bound 6.739695171149e+04, gap 0.0095%
Optimize a model with 5158 rows, 199965 columns and 404006 nonzeros
Variable types: 0 continuous, 199965 integer (199965 binary)
Coefficient statistics:
  Matrix range     [1e+00, 1e+05]
  Objective range  [2e-01, 3e+02]
  Bounds range     [1e+00, 1e+00]
  RHS range        [1e+00, 6e+00]
Found heuristic solution: objective 313140
Presolve removed 520 rows and 9144 columns
Presolve time: 0.90s
Presolved: 4638 rows, 190821 columns, 385452 nonzeros

MIP start did not produce a new incumbent solution
MIP start violates constraint R0 by 999999.000000000

Variable types: 0 continuous, 190821 integer (190821 binary)

Root relaxation: objective 5.684206e+04, 3333 iterations, 0.06 seconds

    Nodes    |    Current Node    |     Objective Bounds      |     Work
 Expl Unexpl |  Obj  Depth IntInf | Incumbent    BestBd   Gap | It/Node Time

     0     0 56842.0600    0   90 313140.270 56842.0600  81.8%     -    1s
H    0     0                    86486.058317 56842.0600  34.3%     -    2s
H    0     0                    74271.335840 56842.0600  23.5%     -    5s
     0     0 61878.6684    0 2224 74271.3358 61878.6684  16.7%     -    6s
     0     0 61916.4112    0 2255 74271.3358 61916.4112  16.6%     -    8s
     0     0 64616.8204    0 3380 74271.3358 64616.8204  13.0%     -   10s
     0     0 64666.2157    0 3459 74271.3358 64666.2157  12.9%     -   11s
     0     0 65902.4507    0 4495 74271.3358 65902.4507  11.3%     -   14s
     0     0 65950.8407    0 4569 74271.3358 65950.8407  11.2%     -   15s
     0     0 66422.3442    0 4941 74271.3358 66422.3442  10.6%     -   18s
     0     0 66500.8143    0 4927 74271.3358 66500.8143  10.5%     -   19s
     0     0 66756.5901    0 5089 74271.3358 66756.5901  10.1%     -   21s
     0     0 66791.7224    0 5139 74271.3358 66791.7224  10.1%     -   22s
     0     0 66945.6170    0 5260 74271.3358 66945.6170  9.86%     -   24s
     0     0 66989.3572    0 5165 74271.3358 66989.3572  9.80%     -   25s
     0     0 67100.7593    0 5290 74271.3358 67100.7593  9.65%     -   27s
     0     0 67100.7593    0 5288 74271.3358 67100.7593  9.65%     -   29s
H    0     0                    73591.074439 67100.7593  8.82%     -   32s
H    0     2                    67422.565290 67100.7593  0.48%     -   59s
     0     2 67100.7593    0 5288 67422.5653 67100.7593  0.48%     -   59s
     1     3 67114.5750    1 4852 67422.5653 67113.5129  0.46%   504   61s
    26    22 67166.4184   16 4208 67422.5653 67114.5823  0.46%   129   65s
   102    81 67184.0655   40 3699 67422.5653 67114.5823  0.46%  65.7   70s
   184   130 67197.9231   75 3428 67422.5653 67114.5823  0.46%  53.4   75s
   258   181     cutoff  108      67422.5653 67114.5823  0.46%  51.0   80s
   362   258 67312.5128  167 2484 67422.5653 67114.5823  0.46%  41.3   85s
   465   340 67316.5086  231 2555 67422.5653 67114.5823  0.46%  39.3   90s
   508   379 67318.9698  265 2236 67422.5653 67114.5823  0.46%  44.0   95s
   642   507 67337.9205  346 2069 67422.5653 67114.5823  0.46%  37.4  101s
   726   589 67281.5066  132 5288 67422.5653 67114.5823  0.46%  34.1  113s
   728   590 67346.7034  314 3250 67422.5653 67346.5629  0.11%  34.0  124s
   729   591 67396.3825  337 3409 67422.5653 67396.3546  0.04%  34.0  126s
   733   595 67396.3546  180 3140 67422.5653 67396.3546  0.04%  53.5  132s
   734   596 67396.3546   34 3323 67422.5653 67396.3546  0.04%  53.4  143s
   735   597 67416.7204   77 3325 67422.5653 67399.0594  0.03%  53.4  145s
   738   599 67400.9714  280 3327 67422.5653 67400.9714  0.03%  53.2  151s
   739   599 67403.2382   75 3327 67422.5653 67403.2382  0.03%  53.1  155s
   744   604 67404.4818   59 3112 67422.5653 67403.5737  0.03%  65.2  160s
   745   605 67403.5737  396 3312 67422.5653 67403.5737  0.03%  65.1  169s
   746   606 67403.5737  132 3316 67422.5653 67403.5737  0.03%  65.0  170s
   747   606 67405.1059  141 3982 67422.5653 67405.1059  0.03%  64.9  177s
   748   607 67405.1687  314 3973 67422.5653 67405.1687  0.03%  64.8  184s
   749   608 67406.4955  337 3973 67422.5653 67406.4955  0.02%  64.7  197s
   750   608 67407.2321  202 3903 67422.5653 67407.2321  0.02%  64.6  205s
   751   609 67407.9281   61 3952 67422.5653 67407.9281  0.02%  64.6  213s
   752   610 67409.0749  203 3923 67422.5653 67409.0749  0.02%  64.5  215s
   757   614 67409.6391   64 2305 67422.5653 67409.6391  0.02%  73.9  220s
   759   616 67409.6391   75 2996 67422.5653 67409.6391  0.02%  73.7  226s
   760   616 67409.6391   11 3018 67422.5653 67409.6391  0.02%  73.6  231s
   761   617 67410.0576  139 3023 67422.5653 67410.0576  0.02%  73.5  236s
   762   618 67411.3848  169 3057 67422.5653 67411.3848  0.02%  73.4  240s
   763   618 67411.4547  241 3057 67422.5653 67411.4547  0.02%  73.3  245s
   764   619 67411.9083   59 3022 67422.5653 67411.9083  0.02%  73.2  250s
   766   620 67412.7434  132 3055 67422.5653 67412.7434  0.01%  73.0  256s
   768   622 67413.3719  314 3030 67422.5653 67413.3719  0.01%  72.8  260s
   769   622 67413.4090  337 3065 67422.5653 67413.4090  0.01%  72.7  265s
   771   624 67413.7470   61 3007 67422.5653 67413.7470  0.01%  72.5  274s
   774   627 67414.1011   34 5288 67422.5653 67414.1011  0.01%  79.1  275s

Cutting planes:
  Gomory: 7
  Clique: 348
  Zero half: 19

Explored 776 nodes (77852 simplex iterations) in 278.75 seconds
Thread count was 4 (of 4 available processors)

Solution count 5: 67422.6 73591.1 74271.3 ... 313140
Pool objective bound 67417.7

Optimal solution found (tolerance 1.00e-04)
Best objective 6.742256528999e+04, best bound 6.741773057995e+04, gap 0.0072%
Optimize a model with 5178 rows, 199965 columns and 404066 nonzeros
Variable types: 0 continuous, 199965 integer (199965 binary)
Coefficient statistics:
  Matrix range     [1e+00, 1e+05]
  Objective range  [2e-01, 3e+02]
  Bounds range     [1e+00, 1e+00]
  RHS range        [1e+00, 6e+00]
Found heuristic solution: objective 313140
Presolve removed 520 rows and 9144 columns
Presolve time: 0.88s
Presolved: 4658 rows, 190821 columns, 385512 nonzeros

MIP start did not produce a new incumbent solution
MIP start violates constraint R0 by 999999.000000000

Variable types: 0 continuous, 190821 integer (190821 binary)

Root relaxation: objective 5.684206e+04, 3334 iterations, 0.07 seconds

    Nodes    |    Current Node    |     Objective Bounds      |     Work
 Expl Unexpl |  Obj  Depth IntInf | Incumbent    BestBd   Gap | It/Node Time

     0     0 56842.0600    0   91 313140.270 56842.0600  81.8%     -    1s
H    0     0                    87977.057536 56842.0600  35.4%     -    2s
H    0     0                    87429.048773 56842.0600  35.0%     -    2s
     0     0 61902.7812    0 2288 87429.0488 61902.7812  29.2%     -    7s
H    0     0                    74223.933409 61902.7812  16.6%     -    8s
     0     0 61947.3809    0 2275 74223.9334 61947.3809  16.5%     -    8s
     0     0 64677.4186    0 3264 74223.9334 64677.4186  12.9%     -   10s
     0     0 64687.8577    0 3361 74223.9334 64687.8577  12.8%     -   11s
     0     0 65940.1021    0 4610 74223.9334 65940.1021  11.2%     -   14s
     0     0 65958.6898    0 4658 74223.9334 65958.6898  11.1%     -   15s
     0     0 66396.2645    0 4841 74223.9334 66396.2645  10.5%     -   17s
     0     0 66469.7080    0 5011 74223.9334 66469.7080  10.4%     -   19s
     0     0 66719.3023    0 4954 74223.9334 66719.3023  10.1%     -   21s
     0     0 66762.4657    0 4961 74223.9334 66762.4657  10.1%     -   22s
     0     0 66921.1206    0 5248 74223.9334 66921.1206  9.84%     -   23s
     0     0 66921.1206    0 5247 74223.9334 66921.1206  9.84%     -   29s
H    0     0                    71033.360610 66921.1206  5.79%     -   29s
H    0     2                    67425.973542 66921.1206  0.75%     -   55s
     0     2 66921.1206    0 5247 67425.9735 66921.1206  0.75%     -   55s
    24    17 67057.3374   11 4204 67425.9735 66970.5202  0.68%   189   61s
    64    40 67169.6347   27 3335 67425.9735 66970.5202  0.68%   120   65s
    96    64 67249.6622   45 3163 67425.9735 66970.5202  0.68%   120   70s
   206   156 67273.2368  108 2688 67425.9735 66970.5202  0.68%  79.3   75s
   332   267 67293.0246  166 2669 67425.9735 66970.5202  0.68%  59.4   80s
   466   388 67335.5501  224 2472 67425.9735 66970.5202  0.68%  47.7   85s
   564   459 67350.8907  279 2625 67425.9735 66970.5202  0.68%  41.4   90s
   624   500     cutoff   18      67425.9735 67019.9781  0.60%  48.5   95s
   730   584 67277.9063    5 5247 67425.9735 67019.9781  0.60%  50.0  107s
   732   585 67357.1613   75 3345 67425.9735 67357.1613  0.10%  49.9  119s
   733   586 67422.1250  162 3429 67425.9735 67422.1250  0.01%  49.8  123s

Cutting planes:
  Clique: 19
  MIR: 17
  Zero half: 94

Explored 733 nodes (64799 simplex iterations) in 123.41 seconds
Thread count was 4 (of 4 available processors)

Solution count 6: 67426 71033.4 74223.9 ... 313140
Pool objective bound 67422.1

Optimal solution found (tolerance 1.00e-04)
Best objective 6.742597354188e+04, best bound 6.742212500489e+04, gap 0.0057%
Optimize a model with 5234 rows, 199965 columns and 404234 nonzeros
Variable types: 0 continuous, 199965 integer (199965 binary)
Coefficient statistics:
  Matrix range     [1e+00, 1e+05]
  Objective range  [2e-01, 3e+02]
  Bounds range     [1e+00, 1e+00]
  RHS range        [1e+00, 6e+00]
Found heuristic solution: objective 313140
Presolve removed 520 rows and 9144 columns
Presolve time: 0.81s
Presolved: 4714 rows, 190821 columns, 385680 nonzeros

MIP start did not produce a new incumbent solution
MIP start violates constraint R0 by 999999.000000000

Variable types: 0 continuous, 190821 integer (190821 binary)

Root relaxation: objective 5.684208e+04, 3339 iterations, 0.06 seconds

    Nodes    |    Current Node    |     Objective Bounds      |     Work
 Expl Unexpl |  Obj  Depth IntInf | Incumbent    BestBd   Gap | It/Node Time

     0     0 56842.0803    0   95 313140.270 56842.0803  81.8%     -    1s
H    0     0                    87977.057536 56842.0803  35.4%     -    2s
H    0     0                    87492.009946 56842.0803  35.0%     -    2s
H    0     0                    74938.151042 56842.0803  24.1%     -    5s
     0     0 61787.7096    0 2246 74938.1510 61787.7096  17.5%     -    6s
H    0     0                    72225.674424 61787.7096  14.5%     -    7s
     0     0 61823.2989    0 2246 72225.6744 61823.2989  14.4%     -    7s
     0     0 64699.3616    0 3335 72225.6744 64699.3616  10.4%     -    9s
     0     0 64701.8870    0 3428 72225.6744 64701.8870  10.4%     -   10s
     0     0 65965.3448    0 4410 72225.6744 65965.3448  8.67%     -   13s
     0     0 65974.6179    0 4428 72225.6744 65974.6179  8.65%     -   14s
     0     0 66470.1264    0 4860 72225.6744 66470.1264  7.97%     -   15s
H    0     0                    69224.205797 66470.1264  3.98%     -   16s
     0     0 66549.7340    0 4907 69224.2058 66549.7340  3.86%     -   17s
     0     0 66790.6196    0 5032 69224.2058 66790.6196  3.52%     -   18s
     0     0 66832.2155    0 5074 69224.2058 66832.2155  3.46%     -   19s
     0     0 66981.6680    0 5080 69224.2058 66981.6680  3.24%     -   21s
     0     0 66981.6680    0 5079 69224.2058 66981.6680  3.24%     -   25s
H    0     0                    68100.713157 66981.6680  1.64%     -   26s
     0     0 67092.6389    0 3337 68100.7132 67092.6389  1.48%     -   33s
H    0     0                    67496.514020 67092.6389  0.60%     -   35s
     0     0 67368.0615    0 2853 67496.5140 67368.0615  0.19%     -   41s
     0     0 67368.0615    0 3335 67496.5140 67368.0615  0.19%     -   45s
     0     0 67368.0615    0 2853 67496.5140 67368.0615  0.19%     -   47s
     0     0 67368.5425    0 2851 67496.5140 67368.5425  0.19%     -   48s
     0     0 67416.5135    0 3441 67496.5140 67416.5135  0.12%     -   51s
     0     0 67419.6212    0 3585 67496.5140 67419.6212  0.11%     -   52s
     0     0 67419.6212    0 3580 67496.5140 67419.6212  0.11%     -   55s
     0     0 67419.6212    0 3272 67496.5140 67419.6212  0.11%     -   58s
     0     0 67419.6212    0 2748 67496.5140 67419.6212  0.11%     -   60s
     0     0 67420.6901    0 3468 67496.5140 67420.6901  0.11%     -   61s
     0     0 67421.5484    0 3470 67496.5140 67421.5484  0.11%     -   63s
H    0     0                    67431.408661 67421.5484  0.01%     -   74s
     0     0 67425.7484    0 2060 67431.4087 67425.7484  0.01%     -   75s

Explored 0 nodes (58060 simplex iterations) in 75.51 seconds
Thread count was 4 (of 4 available processors)

Solution count 9: 67431.4 67496.5 68100.7 ... 313140
Pool objective bound 67425.7

Optimal solution found (tolerance 1.00e-04)
Best objective 6.743140866106e+04, best bound 6.742574841767e+04, gap 0.0084%
Optimize a model with 5569 rows, 199965 columns and 405239 nonzeros
Variable types: 0 continuous, 199965 integer (199965 binary)
Coefficient statistics:
  Matrix range     [1e+00, 1e+05]
  Objective range  [2e-01, 3e+02]
  Bounds range     [1e+00, 1e+00]
  RHS range        [1e+00, 6e+00]
Found heuristic solution: objective 313140
Presolve removed 520 rows and 9144 columns
Presolve time: 0.81s
Presolved: 5049 rows, 190821 columns, 386685 nonzeros

MIP start did not produce a new incumbent solution
MIP start violates constraint R0 by 999999.000000000

Variable types: 0 continuous, 190821 integer (190821 binary)

Root relaxation: objective 5.695923e+04, 3547 iterations, 0.28 seconds

    Nodes    |    Current Node    |     Objective Bounds      |     Work
 Expl Unexpl |  Obj  Depth IntInf | Incumbent    BestBd   Gap | It/Node Time

     0     0 56959.2281    0  178 313140.270 56959.2281  81.8%     -    1s
H    0     0                    82788.048076 56959.2281  31.2%     -    2s
H    0     0                    81344.497457 56959.2281  30.0%     -    2s
H    0     0                    69760.751707 56959.2281  18.4%     -    6s
     0     0 62499.3020    0 2299 69760.7517 62499.3020  10.4%     -    7s
     0     0 62526.2434    0 2213 69760.7517 62526.2434  10.4%     -    8s
     0     0 64829.8638    0 3710 69760.7517 64829.8638  7.07%     -   11s
     0     0 64883.6948    0 3691 69760.7517 64883.6948  6.99%     -   12s
     0     0 65881.5174    0 4669 69760.7517 65881.5174  5.56%     -   16s
     0     0 65947.9688    0 4690 69760.7517 65947.9688  5.47%     -   17s
     0     0 66453.1234    0 5001 69760.7517 66453.1234  4.74%     -   19s
H    0     0                    68816.002174 66453.1234  3.43%     -   20s
     0     0 66468.1840    0 4963 68816.0022 66468.1840  3.41%     -   21s
     0     0 66721.9991    0 5222 68816.0022 66721.9991  3.04%     -   23s
     0     0 66746.4547    0 4899 68816.0022 66746.4547  3.01%     -   24s
     0     0 66899.6716    0 5301 68816.0022 66899.6716  2.78%     -   25s
     0     0 66899.6716    0 5300 68816.0022 66899.6716  2.78%     -   28s
H    0     2                    67459.496967 66899.6716  0.83%     -   69s
     0     2 66899.6716    0 5300 67459.4970 66899.6716  0.83%     -   69s
     1     2 66916.6860    1 5301 67459.4970 66916.6860  0.80%   336   70s
    25    14 67018.0214   11 4276 67459.4970 66930.5897  0.78%   142   75s
    93    67 67454.5066   39 3661 67459.4970 66930.5897  0.78%   100   80s
   156   114 67329.0232    6 4475 67459.4970 66966.2652  0.73%  81.9   85s
   216   158     cutoff   11      67459.4970 66972.4787  0.72%  80.1   90s
   249   160 67325.5038   13 4409 67459.4970 67081.9318  0.56%  91.9   95s
   276   168     cutoff   14      67459.4970 67117.1359  0.51%   108  100s
   371   205     cutoff   35      67459.4970 67117.1359  0.51%  90.7  105s
   482   265     cutoff   64      67459.4970 67216.2511  0.36%  81.7  111s
   612   349 67317.7576   24 3032 67459.4970 67249.5004  0.31%  73.3  116s
   735   424 67415.7193   43 5300 67459.4970 67267.1184  0.29%  66.6  128s
   737   425 67359.9168   34 3337 67459.4970 67359.8788  0.15%  66.4  144s
   738   426 67441.7109   51 2957 67459.4970 67418.5943  0.06%  66.4  148s
   740   429 67447.5284   55 5300 67459.4970 67418.5943  0.06%  85.6  150s
   742   430 67418.5943  103 3190 67459.4970 67418.5943  0.06%  85.4  156s
   743   431 67429.4561   31 2744 67459.4970 67429.4561  0.04%  85.3  171s
   744   432 67432.1891   35 2744 67459.4970 67432.1891  0.04%  85.1  185s
   748   435 67432.1891   24 3169 67459.4970 67432.1891  0.04%  98.8  190s
   751   437 67434.1298   36 2742 67459.4970 67434.1298  0.04%  98.4  200s
   753   439 67438.9074    6 2742 67459.4970 67438.9074  0.03%  98.2  209s
   754   439 67439.5938   52 2742 67459.4970 67439.5938  0.03%  98.0  214s
   755   440 67440.8148   43 2742 67459.4970 67440.8148  0.03%  97.9  226s
   759   444 67440.8148   13 3136 67459.4970 67440.8148  0.03%   110  230s
   760   445 67447.5284   55 2721 67459.4970 67440.8148  0.03%   110  239s
   761   446 67440.8148   20 2721 67459.4970 67440.8148  0.03%   110  240s
   764   448 67444.7883   35 2721 67459.4970 67444.7883  0.02%   109  245s
   765   448 67445.7084   29 3350 67459.4970 67445.7084  0.02%   109  252s
   766   449 67445.7759   27 3345 67459.4970 67445.7759  0.02%   109  260s
   767   450 67446.7096   53 3346 67459.4970 67446.7096  0.02%   109  270s
   771   453 67446.7096   36 2064 67459.4970 67446.7096  0.02%   120  275s
   774   455 67447.6419   52 2605 67459.4970 67447.6419  0.02%   119  281s
   781   461 67449.2276   20 2303 67459.4970 67449.2276  0.02%   126  289s
   782   462 67449.8882  103 2304 67459.4970 67449.8882  0.01%   126  294s
   783   463 67450.6192   31 2312 67459.4970 67450.6192  0.01%   126  295s
   785   464 67451.3002   29 2304 67459.4970 67451.3002  0.01%   125  300s

Cutting planes:
  Gomory: 22
  Clique: 116
  Zero half: 74
  Mod-K: 5

Explored 786 nodes (118038 simplex iterations) in 306.19 seconds
Thread count was 4 (of 4 available processors)

Solution count 6: 67459.5 68816 69760.8 ... 313140
Pool objective bound 67453.9

Optimal solution found (tolerance 1.00e-04)
Best objective 6.745949696739e+04, best bound 6.745385351457e+04, gap 0.0084%
Optimize a model with 5602 rows, 199965 columns and 405338 nonzeros
Variable types: 0 continuous, 199965 integer (199965 binary)
Coefficient statistics:
  Matrix range     [1e+00, 1e+05]
  Objective range  [2e-01, 3e+02]
  Bounds range     [1e+00, 1e+00]
  RHS range        [1e+00, 6e+00]
Found heuristic solution: objective 313140
Presolve removed 520 rows and 9144 columns
Presolve time: 0.95s
Presolved: 5082 rows, 190821 columns, 386784 nonzeros

MIP start did not produce a new incumbent solution
MIP start violates constraint R0 by 999999.000000000

Variable types: 0 continuous, 190821 integer (190821 binary)

Root relaxation: objective 5.695923e+04, 3550 iterations, 0.32 seconds

    Nodes    |    Current Node    |     Objective Bounds      |     Work
 Expl Unexpl |  Obj  Depth IntInf | Incumbent    BestBd   Gap | It/Node Time

     0     0 56959.2281    0  177 313140.270 56959.2281  81.8%     -    1s
H    0     0                    82560.882298 56959.2281  31.0%     -    3s
H    0     0                    81344.497457 56959.2281  30.0%     -    4s
H    0     0                    69760.751707 56959.2281  18.4%     -    9s
     0     0 62383.1104    0 2230 69760.7517 62383.1104  10.6%     -   11s
     0     0 62396.7398    0 2226 69760.7517 62396.7398  10.6%     -   13s
     0     0 64897.9088    0 3805 69760.7517 64897.9088  6.97%     -   18s
     0     0 64935.0081    0 3951 69760.7517 64935.0081  6.92%     -   21s
     0     0 65911.1280    0 4676 69760.7517 65911.1280  5.52%     -   27s
     0     0 65988.6540    0 4732 69760.7517 65988.6540  5.41%     -   29s
     0     0 66436.1000    0 5052 69760.7517 66436.1000  4.77%     -   33s
     0     0 66527.8021    0 5029 69760.7517 66527.8021  4.63%     -   34s
     0     0 66760.2852    0 5038 69760.7517 66760.2852  4.30%     -   37s
     0     0 66820.7361    0 5186 69760.7517 66820.7361  4.21%     -   38s
     0     0 66971.4915    0 5441 69760.7517 66971.4915  4.00%     -   40s
     0     0 67015.6043    0 5397 69760.7517 67015.6043  3.94%     -   42s
     0     0 67106.3706    0 5180 69760.7517 67106.3706  3.80%     -   44s
     0     0 67116.4265    0 5203 69760.7517 67116.4265  3.79%     -   45s
     0     0 67179.3940    0 5205 69760.7517 67179.3940  3.70%     -   47s
     0     0 67179.3940    0 5204 69760.7517 67179.3940  3.70%     -   53s
H    0     2                    67496.514020 67179.3940  0.47%     -   90s
     0     2 67179.3940    0 5204 67496.5140 67179.3940  0.47%     -   90s
     3     4 67320.4019    2 5059 67496.5140 67185.0951  0.46%   899   95s
     9     5 67342.9850    4 5294 67496.5140 67271.3196  0.33%   609  100s
    43    27 67468.4022   16 4516 67496.5140 67271.3196  0.33%   262  105s
   106    60 67384.7892   16 3875 67496.5140 67301.9714  0.29%   164  111s
   134    83 67396.2515   30 3881 67496.5140 67301.9714  0.29%   154  115s
   256   179     cutoff   59      67496.5140 67301.9714  0.29%   101  122s
   298   209 67420.7105   74 2957 67496.5140 67301.9714  0.29%  96.0  125s
   386   282 67435.7088  113 2707 67496.5140 67301.9714  0.29%  84.8  130s
   454   328 67456.7175  151 2655 67496.5140 67301.9714  0.29%  81.3  135s
   555   387 67486.8559  182 1959 67496.5140 67313.5022  0.27%  76.5  142s
   580   397 67411.5556   18 3508 67496.5140 67313.5022  0.27%  82.3  147s
   636   436 67357.1205   21 3984 67496.5140 67313.5022  0.27%  78.8  150s
   691   478 67419.0425   26 3935 67496.5140 67313.5022  0.27%  80.9  158s
   743   523 67453.7885   19 5204 67496.5140 67313.5022  0.27%  76.6  174s
   745   524 67492.5416   52 3337 67496.5140 67359.8788  0.20%  76.4  196s
   746   525 67449.5717   45 2894 67496.5140 67421.1218  0.11%  76.3  203s
   750   529 67421.1218   15 3190 67496.5140 67421.1218  0.11%  95.6  213s
   751   530 67459.0807    7 2762 67496.5140 67444.0584  0.08%  95.4  229s
   752   531 67457.5742   28 2723 67496.5140 67457.5742  0.06%  95.3  245s
   755   534 67477.8937   16 5204 67496.5140 67460.6225  0.05%   109  250s
   757   535 67474.9563   52 3190 67496.5140 67460.6225  0.05%   108  255s
   759   537 67460.9329  112 2725 67496.5140 67460.9329  0.05%   108  260s
   760   537 67462.5906   19 3293 67496.5140 67462.5906  0.05%   108  270s
   761   538 67467.9000   57 3293 67496.5140 67462.8779  0.05%   108  281s
   762   539 67463.9737   19 3293 67496.5140 67463.9737  0.05%   108  307s
   763   539 67465.6373   19 3293 67496.5140 67465.6373  0.05%   108  327s
   764   540 67486.3417   23 3293 67496.5140 67466.3100  0.04%   107  339s
   765   541 67492.5416   52 3296 67496.5140 67466.9874  0.04%   107  341s
   766   541 67468.2464   45 3296 67496.5140 67468.2464  0.04%   107  345s
   767   542 67468.9558  115 3296 67496.5140 67468.9558  0.04%   107  350s
   772   546 67469.3720   28 3172 67496.5140 67469.3720  0.04%   119  356s
   773   547 67469.3720   13 3271 67496.5140 67469.3720  0.04%   119  365s
   774   548 67495.0255   88 3277 67496.5140 67469.3720  0.04%   119  374s
   775   548 67477.8937   16 3287 67496.5140 67471.6132  0.04%   118  376s
   776   549 67472.5812   15 3280 67496.5140 67472.5812  0.04%   118  385s
   777   550 67474.9563   52 3279 67496.5140 67472.6514  0.04%   118  394s
   778   550 67479.1829   65 3351 67496.5140 67474.4763  0.03%   118  402s
   779   551 67474.5732  112 3223 67496.5140 67474.5732  0.03%   118  410s
   780   552 67475.7311   19 3287 67496.5140 67475.7311  0.03%   118  430s
   781   552 67476.0415   57 3287 67496.5140 67476.0415  0.03%   118  449s
   782   553 67476.2545   19 3287 67496.5140 67476.2545  0.03%   117  452s
   784   554 67486.3417   23 3225 67496.5140 67476.7590  0.03%   117  456s
   789   559 67481.5016   69 5204 67496.5140 67481.5016  0.02%   128  460s
   792   561 67481.5016   28 3028 67496.5140 67481.5016  0.02%   128  470s
   794   562 67495.0255   88 2496 67496.5140 67481.5016  0.02%   127  480s
   795   563 67481.7273   16 3004 67496.5140 67481.7273  0.02%   127  485s
   796   564 67482.0969   15 2994 67496.5140 67482.0969  0.02%   127  490s
   797   564 67482.8260   52 2999 67496.5140 67482.8260  0.02%   127  495s
   799   566 67483.7549  112 3007 67496.5140 67483.7549  0.02%   126  504s
   800   566 67484.6217   19 3249 67496.5140 67484.6217  0.02%   126  514s
   801   567 67485.5450   57 3246 67496.5140 67485.5450  0.02%   126  519s
   802   568 67485.5450   19 3246 67496.5140 67485.5450  0.02%   126  523s
   803   568 67485.9521   19 2999 67496.5140 67485.9521  0.02%   126  529s
   804   569 67486.3417   23 3260 67496.5140 67486.0614  0.02%   126  530s
   805   570 67492.5416   52 3262 67496.5140 67486.2010  0.02%   126  535s
   810   574 67486.2010   15 2158 67496.5140 67486.2010  0.02%   135  543s
   811   575 67486.2010    7 2348 67496.5140 67486.2010  0.02%   135  547s
   812   575 67489.3494   28 1786 67496.5140 67489.3494  0.01%   135  552s
   813   576 67489.4705   13 1791 67496.5140 67489.4705  0.01%   135  558s

Cutting planes:
  Gomory: 32
  Clique: 1504
  Zero half: 10

Explored 813 nodes (131201 simplex iterations) in 563.35 seconds
Thread count was 4 (of 4 available processors)

Solution count 5: 67496.5 69760.8 81344.5 ... 313140
Pool objective bound 67491.6

Optimal solution found (tolerance 1.00e-04)
Best objective 6.749651401969e+04, best bound 6.749162918854e+04, gap 0.0072%
Optimize a model with 5655 rows, 199965 columns and 405497 nonzeros
Variable types: 0 continuous, 199965 integer (199965 binary)
Coefficient statistics:
  Matrix range     [1e+00, 1e+05]
  Objective range  [2e-01, 3e+02]
  Bounds range     [1e+00, 1e+00]
  RHS range        [1e+00, 6e+00]
Found heuristic solution: objective 313140
Presolve removed 520 rows and 9144 columns
Presolve time: 0.89s
Presolved: 5135 rows, 190821 columns, 386943 nonzeros

MIP start did not produce a new incumbent solution
MIP start violates constraint R0 by 999999.000000000

Variable types: 0 continuous, 190821 integer (190821 binary)

Root relaxation: objective 5.695923e+04, 3555 iterations, 0.36 seconds

    Nodes    |    Current Node    |     Objective Bounds      |     Work
 Expl Unexpl |  Obj  Depth IntInf | Incumbent    BestBd   Gap | It/Node Time

     0     0 56959.2281    0  178 313140.270 56959.2281  81.8%     -    1s
H    0     0                    82788.048076 56959.2281  31.2%     -    2s
H    0     0                    81344.497457 56959.2281  30.0%     -    3s
H    0     0                    69760.751707 56959.2281  18.4%     -    6s
     0     0 62499.3020    0 2299 69760.7517 62499.3020  10.4%     -    7s
     0     0 62526.2434    0 2213 69760.7517 62526.2434  10.4%     -    9s
     0     0 64829.8638    0 3711 69760.7517 64829.8638  7.07%     -   11s
     0     0 64883.6948    0 3692 69760.7517 64883.6948  6.99%     -   12s
     0     0 65881.5174    0 4671 69760.7517 65881.5174  5.56%     -   16s
     0     0 65947.9688    0 4692 69760.7517 65947.9688  5.47%     -   17s
     0     0 66453.1988    0 4995 69760.7517 66453.1988  4.74%     -   19s
     0     0 66475.0363    0 4989 69760.7517 66475.0363  4.71%     -   20s
     0     0 66717.3599    0 5000 69760.7517 66717.3599  4.36%     -   22s
     0     0 66742.1908    0 4899 69760.7517 66742.1908  4.33%     -   23s
     0     0 66890.1241    0 5297 69760.7517 66890.1241  4.11%     -   25s
     0     0 66890.1241    0 5297 69760.7517 66890.1241  4.11%     -   28s
H    0     2                    67496.514020 66890.1241  0.90%     -   62s
     0     2 66890.1241    0 5297 67496.5140 66890.1241  0.90%     -   62s
     3     3 66911.6788    2 5102 67496.5140 66911.6788  0.87%   123   65s
    38    31 67210.0124   18 3922 67496.5140 66932.2256  0.84%   154   70s
    78    55 67258.0863   37 3683 67496.5140 66932.2256  0.84%   125   75s
   158   117     cutoff   61      67496.5140 66951.3573  0.81%  88.2   80s
   186   125     cutoff   11      67496.5140 66987.6216  0.75%   108   86s
   282   207 67472.4964   29 3695 67496.5140 66987.6216  0.75%  86.9   90s
   379   283     cutoff   12      67496.5140 67077.1807  0.62%  73.4   97s
   396   282     cutoff   10      67496.5140 67110.1266  0.57%  84.7  100s
   412   281 67246.0252   16 3647 67496.5140 67146.8717  0.52%  91.8  105s
   455   311 67353.8508   42 3050 67496.5140 67146.8717  0.52%  94.8  110s
   544   360 67390.6755   86 2366 67496.5140 67146.8717  0.52%  87.3  116s
   588   383 67399.8785   15 3533 67496.5140 67208.3036  0.43%  90.3  121s
   642   425 67436.6632   56 1652 67496.5140 67208.3036  0.43%  87.6  125s
   720   484 67319.5702   12 3155 67496.5140 67213.2981  0.42%  85.0  130s
   751   506 67253.0598   37 5297 67496.5140 67213.2981  0.42%  83.7  140s
   753   507 67359.8788   28 3339 67496.5140 67359.8788  0.20%  83.5  151s
   754   508 67428.1442   27 2949 67496.5140 67423.7275  0.11%  83.4  165s
   758   512 67423.7275   35 3247 67496.5140 67423.7275  0.11%   103  173s
   759   513 67425.1418   24 2854 67496.5140 67423.7275  0.11%   103  175s
   761   514 67456.3188   37 2752 67496.5140 67431.1079  0.10%   102  180s
   764   516 67458.7639   51 3290 67496.5140 67456.9715  0.06%   102  195s
   765   517 67457.7925   92 3291 67496.5140 67457.7925  0.06%   102  205s
   766   518 67464.8109   87 3293 67496.5140 67460.1388  0.05%   102  216s
   770   521 67483.4431   84 3190 67496.5140 67460.1388  0.05%   115  222s
   771   522 67460.1388   37 2752 67496.5140 67460.1388  0.05%   115  225s
   772   523 67460.1388   20 3290 67496.5140 67460.1388  0.05%   115  234s
   773   523 67462.6836   28 3291 67496.5140 67462.6836  0.05%   115  235s
   774   524 67462.7299   27 3292 67496.5140 67462.7299  0.05%   114  244s
   775   525 67465.1670   34 3291 67496.5140 67465.1670  0.05%   114  255s
