
Gurobi 7.0.1 (win64) logging started 03/26/17 17:54:46

Changed value of parameter LogFile to ProvinceRunOutputs/log_prov15.log
   Prev: gurobi.log  Default: 
Optimize a model with 5286 rows, 132791 columns and 266016 nonzeros
Variable types: 0 continuous, 132791 integer (132791 binary)
Coefficient statistics:
  Matrix range     [1e+00, 1e+05]
  Objective range  [1e-01, 3e+02]
  Bounds range     [1e+00, 1e+00]
  RHS range        [1e+00, 6e+00]
Found heuristic solution: objective 476413
Presolve removed 3061 rows and 42062 columns
Presolve time: 0.57s
Presolved: 2225 rows, 90729 columns, 181416 nonzeros

MIP start did not produce a new incumbent solution
MIP start violates constraint R0 by 539999.000000000

Variable types: 0 continuous, 90729 integer (90729 binary)

Root relaxation: objective 1.697457e+05, 2138 iterations, 0.02 seconds

    Nodes    |    Current Node    |     Objective Bounds      |     Work
 Expl Unexpl |  Obj  Depth IntInf | Incumbent    BestBd   Gap | It/Node Time

     0     0 169745.714    0   25 476413.031 169745.714  64.4%     -    0s
H    0     0                    291521.94775 169745.714  41.8%     -    1s
H    0     0                    238959.19137 169745.714  29.0%     -    1s
H    0     0                    228875.04134 169745.714  25.8%     -    1s
     0     0 183376.531    0 1830 228875.041 183376.531  19.9%     -    2s
H    0     0                    228001.41224 183376.531  19.6%     -    5s
     0     0 184287.337    0 2284 228001.412 184287.337  19.2%     -    5s
     0     0 191575.583    0 3789 228001.412 191575.583  16.0%     -    7s
H    0     0                    222570.09749 191575.583  13.9%     -    7s
     0     0 192662.182    0 4351 222570.097 192662.182  13.4%     -    8s
     0     0 197336.617    0 5380 222570.097 197336.617  11.3%     -   11s
     0     0 197820.878    0 5718 222570.097 197820.878  11.1%     -   12s
     0     0 200510.537    0 6678 222570.097 200510.537  9.91%     -   16s
     0     0 200757.980    0 6740 222570.097 200757.980  9.80%     -   18s
     0     0 201855.187    0 7422 222570.097 201855.187  9.31%     -   21s
H    0     0                    209350.53590 201855.187  3.58%     -   30s
H    0     0                    206679.14733 201855.187  2.33%     -   34s
     0     2 201855.187    0 7422 206679.147 201855.187  2.33%     -   37s
     3     6 202857.547    2 7111 206679.147 201896.705  2.31%   561   41s
    13    14 202965.326    6 6729 206679.147 201915.756  2.30%   398   45s
    26    27 203172.396   12 6129 206679.147 201915.756  2.30%   355   51s
    28    29 204357.957   12 5779 206679.147 201915.756  2.30%   394   60s
    34    35 203316.395   15 5613 206679.147 201915.756  2.30%   413   66s
    47    47 204285.434   20 5063 206679.147 201915.756  2.30%   375   70s
    64    64 204484.051   29 4507 206679.147 201915.756  2.30%   333   75s
    90    82 205223.246   36 3275 206679.147 201915.756  2.30%   322   82s
*   94    54              40    204483.15250 201915.756  1.26%   320   82s
   103    53 202712.337    3 6207 204483.153 202304.351  1.07%   325   86s
   115    57 202815.216    5 5178 204483.153 202304.351  1.07%   321   90s
   142    67 204448.314   19 2654 204483.153 202431.379  1.00%   300   96s
   162    72 203747.069    8 5301 204483.153 202431.379  1.00%   286  101s
   182    72     cutoff    6      204483.153 202870.037  0.79%   277  105s
   201    79 203773.281    4 6418 204483.153 202937.880  0.76%   281  111s
   216    86 204270.380   11 5625 204483.153 202937.880  0.76%   285  117s
   229    88     cutoff    6      204483.153 203032.377  0.71%   287  122s
   239    84 203913.825   15 4854 204483.153 203032.377  0.71%   289  125s
   265    93 203604.149   13 5382 204483.153 203142.034  0.66%   287  131s
   273    87 203935.348   15 5090 204483.153 203169.038  0.64%   287  135s
   305    89 204328.892   17 4938 204483.153 203246.482  0.60%   284  143s
   322    86 204391.665   19 2779 204483.153 203324.899  0.57%   282  148s
   338    83 204237.141   15 5348 204483.153 203409.381  0.53%   283  152s
   355    76 204427.739   11 4719 204483.153 203412.528  0.52%   280  157s
   380    81 203741.674   12 4875 204483.153 203514.625  0.47%   275  162s
   384    71 203807.667   13 4296 204483.153 203550.205  0.46%   275  167s
   407    66 204011.905   16 4801 204483.153 203602.845  0.43%   272  171s
   433    56     cutoff   34      204483.153 203842.447  0.31%   267  176s
   505     0     cutoff   29      204483.153 204361.863  0.06%   244  180s

Cutting planes:
  Cover: 151
  Clique: 5792
  MIR: 111
  StrongCG: 2

Explored 520 nodes (140772 simplex iterations) in 180.36 seconds
Thread count was 4 (of 4 available processors)

Solution count 9: 204483 206679 209351 ... 476413
Pool objective bound 204483

Optimal solution found (tolerance 1.00e-04)
Best objective 2.044831525006e+05, best bound 2.044831525006e+05, gap 0.0000%
Optimize a model with 5539 rows, 132791 columns and 266775 nonzeros
Variable types: 0 continuous, 132791 integer (132791 binary)
Coefficient statistics:
  Matrix range     [1e+00, 1e+05]
  Objective range  [1e-01, 3e+02]
  Bounds range     [1e+00, 1e+00]
  RHS range        [1e+00, 6e+00]
Found heuristic solution: objective 476413
Presolve removed 3005 rows and 41635 columns
Presolve time: 0.57s
Presolved: 2534 rows, 91156 columns, 182796 nonzeros

MIP start did not produce a new incumbent solution
MIP start violates constraint R0 by 539999.000000000

Variable types: 0 continuous, 91156 integer (91156 binary)

Root relaxation: objective 1.688511e+05, 2245 iterations, 0.03 seconds

    Nodes    |    Current Node    |     Objective Bounds      |     Work
 Expl Unexpl |  Obj  Depth IntInf | Incumbent    BestBd   Gap | It/Node Time

     0     0 168851.137    0   29 476413.031 168851.137  64.6%     -    0s
H    0     0                    239371.94730 168851.137  29.5%     -    1s
     0     0 182743.905    0 2106 239371.947 182743.905  23.7%     -    2s
H    0     0                    234375.49733 182743.905  22.0%     -    5s
     0     0 184669.155    0 2508 234375.497 184669.155  21.2%     -    5s
     0     0 191471.157    0 4178 234375.497 191471.157  18.3%     -    8s
     0     0 193246.818    0 4817 234375.497 193246.818  17.5%     -   10s
     0     0 197650.147    0 6058 234375.497 197650.147  15.7%     -   13s
H    0     0                    228634.60590 197650.147  13.6%     -   13s
H    0     0                    208530.89567 197650.147  5.22%     -   14s
     0     0 198047.576    0 6146 208530.896 198047.576  5.03%     -   15s
     0     0 200376.116    0 6902 208530.896 200376.116  3.91%     -   18s
     0     0 200615.350    0 6898 208530.896 200615.350  3.80%     -   20s
     0     0 201716.462    0 7577 208530.896 201716.462  3.27%     -   24s
     0     2 201716.462    0 7577 208530.896 201716.462  3.27%     -   47s
     3     6 201914.790    2 7514 208530.896 201873.119  3.19%   493   51s
    14    15 202197.019    7 6587 208530.896 201873.119  3.19%   328   55s
    22    23 202481.221   11 5813 208530.896 201873.119  3.19%   314   60s
    37    38 202780.324   19 4724 208530.896 201873.119  3.19%   277   65s
    49    49 203113.105   25 3991 208530.896 201873.119  3.19%   313   70s
    72    72 204130.165   36 2257 208530.896 201873.119  3.19%   290   76s
*   92    52              44    204538.18990 202019.785  1.23%   272   81s
   102    50 202939.466    5 5647 204538.190 202019.785  1.23%   299   85s
   122    60 204250.139   17 1854 204538.190 202084.358  1.20%   296   91s
   138    68 202405.991    8 5353 204538.190 202085.169  1.20%   294   95s
   152    71 203533.081   12 4405 204538.190 202085.169  1.20%   310  101s
   166    78 204395.387   17 2950 204538.190 202231.242  1.13%   314  106s
   189    85 203471.448   19 3583 204538.190 202234.076  1.13%   312  111s
*  192    85              22    204521.31323 202234.076  1.12%   309  111s
   208    87 203835.457   19 2592 204521.313 202286.106  1.09%   314  116s
   220    87 202893.016   10 4498 204521.313 202286.106  1.09%   317  120s
   244    96 202852.845   10 5117 204521.313 202450.554  1.01%   310  126s
   262    96 204480.559   15 4179 204521.313 202518.013  0.98%   319  132s
   277    98 203874.253    4 6209 204521.313 202521.934  0.98%   317  137s
   285    97 204006.764    6 4779 204521.313 202521.934  0.98%   322  141s
   292    97 204183.548    7 4883 204521.313 202571.913  0.95%   321  145s
   315    97 203679.357   12 5246 204521.313 202721.707  0.88%   325  152s
   330   105 203071.876    8 5747 204521.313 202736.198  0.87%   325  155s
   340   103 203407.259   11 4497 204521.313 202736.198  0.87%   328  161s
*  349   106              22    204483.15250 202736.198  0.85%   329  161s
   353   105     cutoff   15      204483.153 202748.975  0.85%   331  168s
   373   108     cutoff   22      204483.153 202755.651  0.84%   330  179s
   378   108     cutoff   22      204483.153 202784.099  0.83%   334  184s
   388   109 204123.220    7 5115 204483.153 202807.639  0.82%   340  190s
   407   109 203586.059   13 4691 204483.153 202818.260  0.81%   338  197s
   424   114     cutoff   21      204483.153 202893.231  0.78%   340  203s
   444   116 203879.199   17 2548 204483.153 202896.215  0.78%   340  209s
   466   114 203865.778   15 2928 204483.153 202932.159  0.76%   339  216s
   498   126     cutoff   15      204483.153 202932.159  0.76%   330  224s
   512   122 204054.916    8 5228 204483.153 202977.539  0.74%   336  233s
   535   127     cutoff   11      204483.153 203016.463  0.72%   335  240s
   551   132 204292.824   12 5631 204483.153 203029.152  0.71%   339  247s
   572   125 203694.238   16 3308 204483.153 203044.965  0.70%   339  255s
   608   126     cutoff   12      204483.153 203087.215  0.68%   334  264s
   614   118 203897.807   16 3305 204483.153 203124.624  0.66%   332  272s
   645   112     cutoff   17      204483.153 203215.119  0.62%   330  282s
   696   117     cutoff   12      204483.153 203331.267  0.56%   322  292s
   724   118     cutoff   13      204483.153 203440.935  0.51%   322  301s
   746   100     cutoff    9      204483.153 203500.009  0.48%   323  312s
   791    95 203690.489    8 5480 204483.153 203606.980  0.43%   319  322s
   827    80 204180.535   17 3524 204483.153 203664.665  0.40%   318  332s
   859    52 infeasible    7      204483.153 203761.065  0.35%   318  345s
   908    55 204357.999    5 5913 204483.153 203891.293  0.29%   314  366s
   910    10 204423.207    6 5249 204483.153 203912.140  0.28%   316  376s

Cutting planes:
  Cover: 241
  Clique: 6230
  MIR: 114
  Inf proof: 1

Explored 992 nodes (312995 simplex iterations) in 377.17 seconds
Thread count was 4 (of 4 available processors)

Solution count 8: 204483 204521 204538 ... 476413
Pool objective bound 204483

Optimal solution found (tolerance 1.00e-04)
Best objective 2.044831525006e+05, best bound 2.044831525006e+05, gap 0.0000%
Optimize a model with 6747 rows, 132791 columns and 270399 nonzeros
Variable types: 0 continuous, 132791 integer (132791 binary)
Coefficient statistics:
  Matrix range     [1e+00, 1e+05]
  Objective range  [1e-01, 3e+02]
  Bounds range     [1e+00, 1e+00]
  RHS range        [1e+00, 6e+00]
Presolve removed 1813 rows and 25070 columns
Presolve time: 0.86s
Presolved: 4934 rows, 107721 columns, 218342 nonzeros

MIP start did not produce a new incumbent solution
MIP start violates constraint R0 by 539999.000000000

Variable types: 0 continuous, 107721 integer (107721 binary)
Found heuristic solution: objective 366830.68976
Found heuristic solution: objective 300493.23728

Root relaxation: objective 1.671481e+05, 3433 iterations, 0.03 seconds

    Nodes    |    Current Node    |     Objective Bounds      |     Work
 Expl Unexpl |  Obj  Depth IntInf | Incumbent    BestBd   Gap | It/Node Time

     0     0 167148.135    0   27 300493.237 167148.135  44.4%     -    1s
Another try with MIP start
H    0     0                    247175.85492 167148.135  32.4%     -    2s
H    0     0                    215367.13043 167148.135  22.4%     -    3s
     0     0 185660.574    0 2463 215367.130 185660.574  13.8%     -    5s
     0     0 186932.407    0 3286 215367.130 186932.407  13.2%     -    7s
     0     0 191250.819    0 3622 215367.130 191250.819  11.2%     -    9s
     0     0 194957.406    0 4680 215367.130 194957.406  9.48%     -   12s
     0     0 197799.907    0 5246 215367.130 197799.907  8.16%     -   15s
     0     0 199148.427    0 6385 215367.130 199148.427  7.53%     -   28s
     0     0 201457.915    0 7188 215367.130 201457.915  6.46%     -   33s
     0     0 201700.812    0 7125 215367.130 201700.812  6.35%     -   35s
     0     0 202174.187    0 7238 215367.130 202174.187  6.13%     -   37s
     0     2 202174.187    0 7238 215367.130 202174.187  6.13%     -   49s
     3     6 202243.408    2 6902 215367.130 202218.124  6.11%   288   51s
    13    14 202338.729    7 5820 215367.130 202218.124  6.11%   259   56s
    24    25 202616.588   14 5378 215367.130 202218.124  6.11%   289   60s
H   27    29                    209969.19519 202218.124  3.69%   261   78s
    29    28 202703.307   15 5308 209969.195 202218.124  3.69%   291   80s
    37    36 203068.080   19 4924 209969.195 202218.124  3.69%   334   85s
    45    42 203623.005   22 4325 209969.195 202218.124  3.69%   387   92s
    57    55 204689.823   28 3907 209969.195 202218.124  3.69%   379   95s
*   68    32              34    205240.56745 202218.124  1.47%   362   99s
    71    31     cutoff   35      205240.567 202269.137  1.45%   375  101s
    75    33 203295.325    3 6862 205240.567 202332.079  1.42%   405  108s
    77    35 203503.511    4 6695 205240.567 202332.079  1.42%   443  111s
    81    37 203831.721    6 6466 205240.567 202332.079  1.42%   464  116s
    87    42 203984.380   10 5702 205240.567 202332.079  1.42%   446  121s
    97    44 205089.405   15 4530 205240.567 202400.599  1.38%   445  131s
   110    50 203539.036    4 6981 205240.567 202400.599  1.38%   436  140s
   120    52 204242.824    5 6591 205240.567 202400.599  1.38%   475  148s
   125    52 204362.565    6 6067 205240.567 202400.599  1.38%   473  151s
   129    53 204919.584    9 5426 205240.567 202400.599  1.38%   476  161s
   135    54 205164.337   11 5184 205240.567 202630.375  1.27%   507  167s
   143    55 203356.527    4 5084 205240.567 202630.375  1.27%   507  171s
   151    53 204363.038    6 3564 205240.567 202630.375  1.27%   502  175s
   171    57 205048.459   21 1607 205240.567 202649.157  1.26%   459  186s
   180    58 204538.182    6 6085 205240.567 202649.157  1.26%   479  191s
   193    54     cutoff    7      205240.567 202704.643  1.24%   483  201s
*  201    51              26    205042.28129 203099.429  0.95%   484  201s
   204    61 204344.275   16 5366 205042.281 203099.429  0.95%   491  206s
   209    63     cutoff   18      205042.281 203099.429  0.95%   498  213s
   218    59 204954.458   17 4503 205042.281 203099.429  0.95%   513  220s
   228    57     cutoff   17      205042.281 203227.227  0.89%   510  233s
   241    63 204266.847   10 6125 205042.281 203245.023  0.88%   528  240s
   249    59     cutoff   12      205042.281 203245.023  0.88%   531  247s
   258    61 203352.041    4 6252 205042.281 203250.969  0.87%   534  253s
   268    58 204553.340    7 5198 205042.281 203328.191  0.84%   533  259s
   288    67 203930.333   15 6185 205042.281 203341.806  0.83%   518  265s
   303    66     cutoff   18      205042.281 203359.968  0.82%   507  273s
   321    65     cutoff   16      205042.281 203509.941  0.75%   501  281s
   334    66 204467.544    6 5500 205042.281 203583.013  0.71%   502  289s
   350    66 204170.108    8 4013 205042.281 203654.236  0.68%   499  298s
   379    74     cutoff    7      205042.281 203669.413  0.67%   478  306s
   396    70     cutoff    8      205042.281 203845.563  0.58%   478  315s
   453   101 204881.430   60 2148 205042.281 203934.042  0.54%   435  324s
   504   122 204574.794   25 2262 205042.281 203984.640  0.52%   403  333s
   606   194 204629.328   18 3960 205042.281 204061.918  0.48%   346  341s
   640   209 204415.223    7 6177 205042.281 204088.397  0.47%   340  348s
   656   205 204903.316    7 6314 205042.281 204121.395  0.45%   340  358s
   685   205     cutoff   27      205042.281 204263.723  0.38%   335  368s
   703   192 204858.980   20 4214 205042.281 204331.345  0.35%   336  386s
   766   194     cutoff   13      205042.281 204408.355  0.31%   320  393s
   852   246     cutoff   11      205042.281 204416.637  0.31%   294  402s
   957   284     cutoff   10      205042.281 204606.847  0.21%   269  408s
* 1097   348              22    205040.21713 204625.803  0.20%   238  408s
  1149   389     cutoff   43      205040.217 204628.839  0.20%   228  416s
  1390   570 204885.080  106 7238 205040.217 204642.552  0.19%   193  434s
  1392   571 204949.964   86 3761 205040.217 204949.964  0.04%   193  550s
  1393   572 204950.228   86 3761 205040.217 204950.228  0.04%   193  607s
  1397   576 204950.228   77 3761 205040.217 204950.228  0.04%   205  667s
  1398   577 204952.121   51 3761 205040.217 204952.121  0.04%   205  722s
  1399   578 204954.078   43 3761 205040.217 204954.078  0.04%   205  777s
  1400   578 204955.487   78 3761 205040.217 204955.487  0.04%   205  833s
  1401   579 204955.962   75 3761 205040.217 204955.962  0.04%   205  889s
  1402   580 204956.216   72 3761 205040.217 204956.216  0.04%   204  944s
  1403   580 204956.509   73 3761 205040.217 204956.509  0.04%   204  975s
  1404   581 204969.153  104 3761 205040.217 204957.216  0.04%   204  981s
  1405   582 204959.435   49 3761 205040.217 204959.435  0.04%   204  989s
  1406   582 204974.098  104 3761 205040.217 204961.701  0.04%   204  997s
  1407   583 204962.768   74 3761 205040.217 204962.768  0.04%   204 1004s
  1408   584 204963.976   68 3761 205040.217 204963.976  0.04%   204 1007s
  1412   587 204963.976   86 3673 205040.217 204963.976  0.04%   211 1047s
  1413   588 204964.710   86 3673 205040.217 204964.710  0.04%   211 1066s
  1414   589 205034.044   23 3673 205040.217 204965.004  0.04%   211 1085s
  1415   589 204966.843   53 3673 205040.217 204966.843  0.04%   211 1123s
  1416   590 204967.020   73 3673 205040.217 204967.020  0.04%   211 1160s
  1417   591 204968.325   77 3673 205040.217 204968.325  0.04%   211 1199s
  1418   591 204969.265   51 3673 205040.217 204969.265  0.03%   210 1236s
  1419   592 204970.250   43 3673 205040.217 204970.250  0.03%   210 1274s
  1420   593 204970.981   78 3673 205040.217 204970.981  0.03%   210 1312s
  1421   593 204971.196   75 3673 205040.217 204971.196  0.03%   210 1349s
  1422   594 204971.813   72 3673 205040.217 204971.813  0.03%   210 1370s
  1423   595 204972.377   73 3673 205040.217 204972.377  0.03%   210 1375s
  1425   596 204973.708   49 3672 205040.217 204973.708  0.03%   209 1382s
  1427   597 204978.023   74 3673 205040.217 204978.023  0.03%   209 1386s
  1429   599 204981.578   52 3681 205040.217 204981.578  0.03%   209 1390s
  1432   601 204987.950   86 3693 205040.217 204987.950  0.03%   208 1395s
  1436   604 204987.950   73 3645 205040.217 204987.950  0.03%   214 1425s
  1437   605 204987.950   77 3646 205040.217 204987.950  0.03%   214 1440s
  1438   606 204991.132   51 3647 205040.217 204991.132  0.02%   213 1455s
  1439   606 204993.404   43 3665 205040.217 204993.404  0.02%   213 1469s
  1440   607 204995.623   78 3665 205040.217 204995.623  0.02%   213 1470s
  1441   608 204996.110   75 3665 205040.217 204996.110  0.02%   213 1486s
  1443   609 204996.911   73 3643 205040.217 204996.911  0.02%   213 1494s
  1444   610 204998.802  104 3644 205040.217 204998.802  0.02%   213 1496s
  1446   611 204999.776  104 3673 205040.217 204999.776  0.02%   212 1515s
  1447   612 205000.690   74 3670 205040.217 205000.690  0.02%   212 1530s
  1448   612 205002.611   68 3672 205040.217 205002.611  0.02%   212 1549s
  1450   615 205002.611  106 7238 205040.217 205002.611  0.02%   217 1550s
  1452   616 205002.611   86 3310 205040.217 205002.611  0.02%   217 1576s
  1453   617 205002.611   86 3310 205040.217 205002.611  0.02%   217 1587s
  1455   618 205005.222   53 3326 205040.217 205005.222  0.02%   216 1598s
  1457   620 205007.932   77 3313 205040.217 205007.932  0.02%   216 1612s
  1458   620 205008.434   51 3329 205040.217 205008.434  0.02%   216 1624s
  1459   621 205010.529   43 3335 205040.217 205010.529  0.01%   216 1626s
  1460   622 205010.658   78 3336 205040.217 205010.658  0.01%   216 1635s
  1461   622 205012.285   75 3332 205040.217 205012.285  0.01%   215 1645s
  1462   623 205015.215   72 3332 205040.217 205015.215  0.01%   215 1655s
  1463   624 205017.457   73 3357 205040.217 205017.457  0.01%   215 1665s
  1467   627 205017.457   74 1974 205040.217 205017.457  0.01%   219 1679s

Cutting planes:
  Gomory: 35
  Clique: 436
  Zero half: 47

Explored 1467 nodes (342770 simplex iterations) in 1679.99 seconds
Thread count was 4 (of 4 available processors)

Solution count 8: 205040 205042 205241 ... 366831
Pool objective bound 205038

Optimal solution found (tolerance 1.00e-04)
Best objective 2.050402171257e+05, best bound 2.050376032971e+05, gap 0.0013%
Optimize a model with 7000 rows, 132791 columns and 271158 nonzeros
Variable types: 0 continuous, 132791 integer (132791 binary)
Coefficient statistics:
  Matrix range     [1e+00, 1e+05]
  Objective range  [1e-01, 3e+02]
  Bounds range     [1e+00, 1e+00]
  RHS range        [1e+00, 6e+00]
Found heuristic solution: objective 469177
Presolve removed 1810 rows and 25067 columns
Presolve time: 0.91s
Presolved: 5190 rows, 107724 columns, 219110 nonzeros

MIP start did not produce a new incumbent solution
MIP start violates constraint R0 by 539999.000000000

Variable types: 0 continuous, 107724 integer (107724 binary)

Root relaxation: objective 1.671698e+05, 3469 iterations, 0.06 seconds

    Nodes    |    Current Node    |     Objective Bounds      |     Work
 Expl Unexpl |  Obj  Depth IntInf | Incumbent    BestBd   Gap | It/Node Time

     0     0 167169.768    0   56 469176.652 167169.768  64.4%     -    1s
H    0     0                    234187.29088 167169.768  28.6%     -    1s
H    0     0                    230241.55036 167169.768  27.4%     -    4s
     0     0 186044.473    0 2994 230241.550 186044.473  19.2%     -    5s
     0     0 187573.096    0 3485 230241.550 187573.096  18.5%     -    7s
     0     0 191201.801    0 3851 230241.550 191201.801  17.0%     -    9s
     0     0 195094.843    0 5018 230241.550 195094.843  15.3%     -   13s
     0     0 197650.348    0 5385 230241.550 197650.348  14.2%     -   16s
H    0     0                    219600.15424 197650.348  10.0%     -   17s
     0     0 198898.676    0 6084 219600.154 198898.676  9.43%     -   21s
     0     0 200339.113    0 6754 219600.154 200339.113  8.77%     -   23s
     0     0 201358.910    0 7227 219600.154 201358.910  8.31%     -   28s
     0     0 202599.850    0 8177 219600.154 202599.850  7.74%     -   33s
H    0     0                    214453.38024 202599.850  5.53%     -   43s
     0     0 202797.799    0 7872 214453.380 202797.799  5.44%     -   45s
     0     0 203272.178    0 8501 214453.380 203272.178  5.21%     -   50s
H    0     0                    206294.45488 203272.178  1.47%     -   62s
     0     0 204949.964    0 3764 206294.455 204949.964  0.65%     -   72s
     0     0 204951.857    0 3764 206294.455 204951.857  0.65%     -  124s
     0     0 204951.857    0 3764 206294.455 204951.857  0.65%     -  129s
     0     0 204955.566    0 3764 206294.455 204955.566  0.65%     -  160s
     0     0 204956.633    0 3764 206294.455 204956.633  0.65%     -  191s
     0     0 204956.633    0 3764 206294.455 204956.633  0.65%     -  197s
H    0     0                    205040.21713 204956.633  0.04%     -  197s
     0     0 204956.633    0 3764 205040.217 204956.633  0.04%     -  201s
     0     0 204958.181    0 3764 205040.217 204958.181  0.04%     -  217s
     0     0 204960.979    0 3764 205040.217 204960.979  0.04%     -  233s
     0     0 204960.979    0 3681 205040.217 204960.979  0.04%     -  252s
     0     0 204962.388    0 3681 205040.217 204962.388  0.04%     -  270s
     0     0 204965.399    0 3681 205040.217 204965.399  0.04%     -  287s
     0     2 204965.399    0 3681 205040.217 204965.399  0.04%     -  305s

Cutting planes:
  Gomory: 7

Explored 5 nodes (79045 simplex iterations) in 305.45 seconds
Thread count was 4 (of 4 available processors)

Solution count 7: 205040 206294 214453 ... 469177
Pool objective bound 205040

Optimal solution found (tolerance 1.00e-04)
Best objective 2.050402171257e+05, best bound 2.050402171257e+05, gap 0.0000%
Optimize a model with 8069 rows, 132791 columns and 274365 nonzeros
Variable types: 0 continuous, 132791 integer (132791 binary)
Coefficient statistics:
  Matrix range     [1e+00, 1e+05]
  Objective range  [1e-01, 3e+02]
  Bounds range     [1e+00, 1e+00]
  RHS range        [1e+00, 6e+00]
Found heuristic solution: objective 510325
Presolve removed 1460 rows and 20838 columns
Presolve time: 0.96s
Presolved: 6609 rows, 111953 columns, 230422 nonzeros

MIP start did not produce a new incumbent solution
MIP start violates constraint R0 by 539999.000000000

Variable types: 0 continuous, 111953 integer (111953 binary)

Root relaxation: objective 1.676403e+05, 4172 iterations, 0.28 seconds

    Nodes    |    Current Node    |     Objective Bounds      |     Work
 Expl Unexpl |  Obj  Depth IntInf | Incumbent    BestBd   Gap | It/Node Time

     0     0 167640.276    0  183 510324.979 167640.276  67.2%     -    1s
H    0     0                    225694.59574 167640.276  25.7%     -    2s
     0     0 186095.045    0 2346 225694.596 186095.045  17.5%     -    5s
     0     0 188268.942    0 3136 225694.596 188268.942  16.6%     -    7s
     0     0 192415.927    0 3447 225694.596 192415.927  14.7%     -   10s
     0     0 196083.177    0 5165 225694.596 196083.177  13.1%     -   14s
     0     0 198753.003    0 5290 225694.596 198753.003  11.9%     -   20s
     0     0 200261.215    0 6499 225694.596 200261.215  11.3%     -   24s
     0     0 202022.167    0 7399 225694.596 202022.167  10.5%     -   32s
H    0     0                    218310.62704 202022.167  7.46%     -   33s
     0     0 202431.267    0 7789 218310.627 202431.267  7.27%     -   36s
     0     0 203173.106    0 8402 218310.627 203173.106  6.93%     -   41s
H    0     0                    213555.88004 203173.106  4.86%     -   54s
     0     0 203274.572    0 8736 213555.880 203274.572  4.81%     -   57s
     0     0 203601.258    0 9070 213555.880 203601.258  4.66%     -   61s
H    0     0                    209375.49786 203601.258  2.76%     -   73s
     0     2 203601.258    0 9070 209375.498 203601.258  2.76%     -   83s
     1     4 203621.565    1 8576 209375.498 203610.363  2.75%   521   87s
     3     6 203652.591    2 8545 209375.498 203652.591  2.73%   978   92s
     7     8 203886.167    4 8104 209375.498 203657.964  2.73%   949   97s
     9    11 203679.973    4 7740 209375.498 203679.973  2.72%   869  100s
    18    18 204330.909    7 7018 209375.498 203791.193  2.67%   531  105s
    28    30 204565.781   10 5423 209375.498 203791.193  2.67%   483  112s
    32    33 204573.206   11 5368 209375.498 203791.193  2.67%   482  115s
    38    39 204589.651   13 4215 209375.498 203791.193  2.67%   491  120s
*   46    48              18    209350.46253 203791.193  2.66%   486  124s
    52    48 205362.613   23 3533 209350.463 203791.193  2.66%   464  126s
*   69    54              26    206667.36704 203791.193  1.39%   368  127s
    71    53 205416.711   36 3378 206667.367 203791.193  1.39%   366  131s
    76    59 205741.606   38 3235 206667.367 203791.193  1.39%   374  137s
    85    65 205779.763   45 3230 206667.367 203791.193  1.39%   370  140s
   135   108 205813.690   88 3223 206667.367 203791.193  1.39%   261  145s
*  204   156              32    206046.14812 203791.193  1.09%   187  149s
   205   155 206002.892  134 3057 206046.148 203798.640  1.09%   186  155s
   284   204 204169.531    7 4836 206046.148 203798.640  1.09%   154  161s
   314   229 205845.113    8 3554 206046.148 203798.640  1.09%   148  166s
   371   275 204635.786    9 4921 206046.148 203798.640  1.09%   136  173s
   378   276 204402.007   11 3715 206046.148 203798.640  1.09%   139  177s
*  413   180              22    205850.00598 203798.640  1.00%   137  179s
*  446    78              32    205489.26319 203798.640  0.82%   128  190s
   533   103 205385.569   66 1851 205489.263 203798.640  0.82%   117  197s
   588   131 205459.628  108 1810 205489.263 203886.518  0.78%   112  203s
   604   143 204651.995    6 7475 205489.263 203886.518  0.78%   117  212s
   607   138 205186.896    8 6747 205489.263 204025.091  0.71%   119  222s
H  619    99                    205396.98932 204025.091  0.67%   124  222s
   620   103 205224.951    6 7490 205396.989 204025.091  0.67%   126  225s
   681   127     cutoff    8      205396.989 204025.091  0.67%   122  243s
   686   127     cutoff    7      205396.989 204101.878  0.63%   125  247s
   692   127     cutoff    7      205396.989 204101.878  0.63%   129  253s
*  700    70              18    205178.95386 204101.878  0.52%   132  253s
   710    70     cutoff    9      205178.954 204101.878  0.52%   131  262s
   731    73 204498.405   13 9070 205178.954 204101.878  0.52%   136  281s

Explored 732 nodes (145683 simplex iterations) in 285.23 seconds
Thread count was 4 (of 4 available processors)

Solution count 10: 205179 205397 205489 ... 218311
Pool objective bound 205179

Optimal solution found (tolerance 1.00e-04)
Best objective 2.051789538599e+05, best bound 2.051789538599e+05, gap 0.0000%
Optimize a model with 8320 rows, 132791 columns and 275118 nonzeros
Variable types: 0 continuous, 132791 integer (132791 binary)
Coefficient statistics:
  Matrix range     [1e+00, 1e+05]
  Objective range  [1e-01, 3e+02]
  Bounds range     [1e+00, 1e+00]
  RHS range        [1e+00, 6e+00]
Found heuristic solution: objective 492545
Presolve removed 1458 rows and 20836 columns
Presolve time: 0.94s
Presolved: 6862 rows, 111955 columns, 231181 nonzeros

MIP start did not produce a new incumbent solution
MIP start violates constraint R0 by 539999.000000000

Found heuristic solution: objective 240825.69215
Variable types: 0 continuous, 111955 integer (111955 binary)

Root relaxation: objective 1.676723e+05, 4193 iterations, 0.28 seconds

    Nodes    |    Current Node    |     Objective Bounds      |     Work
 Expl Unexpl |  Obj  Depth IntInf | Incumbent    BestBd   Gap | It/Node Time

     0     0 167672.267    0  246 240825.692 167672.267  30.4%     -    1s
H    0     0                    225766.51431 167672.267  25.7%     -    2s
     0     0 186340.728    0 2444 225766.514 186340.728  17.5%     -    5s
     0     0 188309.517    0 3241 225766.514 188309.517  16.6%     -    8s
     0     0 192620.196    0 3553 225766.514 192620.196  14.7%     -   11s
     0     0 196342.770    0 5032 225766.514 196342.770  13.0%     -   16s
     0     0 198839.187    0 4963 225766.514 198839.187  11.9%     -   20s
     0     0 200162.366    0 6606 225766.514 200162.366  11.3%     -   25s
     0     0 201900.945    0 7307 225766.514 201900.945  10.6%     -   31s
H    0     0                    210956.65785 201900.945  4.29%     -   32s
     0     0 202177.399    0 7687 210956.658 202177.399  4.16%     -   35s
     0     0 203183.938    0 8353 210956.658 203183.938  3.68%     -   40s
H    0     0                    205850.00598 203183.938  1.30%     -   45s
     0     0 203252.683    0 8544 205850.006 203252.683  1.26%     -   47s
     0     0 203608.507    0 8969 205850.006 203608.507  1.09%     -   51s
*    0     0               0    205187.69104 205187.691  0.00%     -   60s

Explored 0 nodes (47457 simplex iterations) in 60.97 seconds
Thread count was 4 (of 4 available processors)

Solution count 6: 205188 205850 210957 ... 453375
Pool objective bound 205188

Optimal solution found (tolerance 1.00e-04)
Best objective 2.051876910356e+05, best bound 2.051876910356e+05, gap 0.0000%
Optimize a model with 8872 rows, 132791 columns and 276774 nonzeros
Variable types: 0 continuous, 132791 integer (132791 binary)
Coefficient statistics:
  Matrix range     [1e+00, 1e+05]
  Objective range  [1e-01, 3e+02]
  Bounds range     [1e+00, 1e+00]
  RHS range        [1e+00, 6e+00]
Found heuristic solution: objective 594323
Presolve removed 1458 rows and 20834 columns
Presolve time: 0.98s
Presolved: 7414 rows, 111957 columns, 232839 nonzeros

MIP start did not produce a new incumbent solution
MIP start violates constraint R0 by 539999.000000000

Variable types: 0 continuous, 111957 integer (111957 binary)

Root relaxation: objective 1.692146e+05, 5034 iterations, 0.69 seconds

    Nodes    |    Current Node    |     Objective Bounds      |     Work
 Expl Unexpl |  Obj  Depth IntInf | Incumbent    BestBd   Gap | It/Node Time

     0     0 169214.636    0  593 594322.740 169214.636  71.5%     -    1s
H    0     0                    235375.78669 169214.636  28.1%     -    3s
H    0     0                    224395.13829 169214.636  24.6%     -    3s
H    0     0                    224179.06373 169214.636  24.5%     -    4s
     0     0 187074.712    0 2494 224179.064 187074.712  16.6%     -    6s
     0     0 188676.427    0 4004 224179.064 188676.427  15.8%     -    8s
     0     0 193240.756    0 4201 224179.064 193240.756  13.8%     -   12s
     0     0 196546.836    0 5942 224179.064 196546.836  12.3%     -   17s
     0     0 198529.733    0 6379 224179.064 198529.733  11.4%     -   22s
H    0     0                    221628.51343 198529.733  10.4%     -   22s
     0     0 200117.721    0 7136 221628.513 200117.721  9.71%     -   28s
     0     0 202038.420    0 8120 221628.513 202038.420  8.84%     -   34s
H    0     0                    216308.23949 202038.420  6.60%     -   49s
     0     0 202302.417    0 8287 216308.239 202302.417  6.47%     -   52s
     0     0 203185.630    0 8696 216308.239 203185.630  6.07%     -   59s
     0     0 203298.664    0 8634 216308.239 203298.664  6.01%     -   62s
     0     0 203725.732    0 9306 216308.239 203725.732  5.82%     -   67s
     0     0 203931.560    0 9343 216308.239 203931.560  5.72%     -   70s
     0     0 204245.523    0 9765 216308.239 204245.523  5.58%     -   75s
H    0     0                    210874.39447 204245.523  3.14%     -   88s
     0     2 204245.523    0 9765 210874.394 204245.523  3.14%     -   97s
     1     4 204246.515    1 9761 210874.394 204246.515  3.14%  13.0  101s
    11    12 204590.822    6 9084 210874.394 204266.027  3.13%   544  112s
    14    15 205082.379    6 8588 210874.394 204394.582  3.07%   666  122s
    16    16 205084.526    7 8575 210874.394 204394.582  3.07%   799  128s
    23    23 205091.564   11 8623 210874.394 204394.582  3.07%   675  130s
H   29    21                    208315.97831 204394.582  1.88%   600  151s
    38    24 205280.233   19 7637 208315.978 204394.582  1.88%   523  156s
    51    35 205283.704   25 7510 208315.978 204394.582  1.88%   429  165s
    62    44 205316.776   31 7421 208315.978 204394.582  1.88%   399  170s
   129   110 205350.230   71 6638 208315.978 204394.582  1.88%   226  175s
   198   179     cutoff  121      208315.978 204394.582  1.88%   165  181s
   201   181 205512.071  122 6233 208315.978 204394.582  1.88%   167  186s
   207   184 205515.816  123 6411 208315.978 204394.582  1.88%   184  192s
   216   191 205577.829  127 4806 208315.978 204394.582  1.88%   193  200s
   220   196 206003.158  129 4642 208315.978 204394.582  1.88%   213  209s
   224   199 206322.672  130 4507 208315.978 204394.582  1.88%   215  210s
   265   235 206380.577  142 5171 208315.978 204394.582  1.88%   191  215s
H  305   250                    206930.19235 204394.582  1.23%   173  217s
   348   304 206419.449  148 3978 206930.192 204394.582  1.23%   156  221s
   441   393 206579.045  162 3418 206930.192 204394.582  1.23%   129  230s
H  494   413                    206771.13062 204394.582  1.15%   118  230s
   495   432     cutoff  185      206771.131 204605.035  1.05%   125  237s
   518   437     cutoff   17      206771.131 204656.617  1.02%   131  241s
   522   437     cutoff   18      206771.131 204656.617  1.02%   133  246s
   545   442     cutoff   27      206771.131 204656.617  1.02%   137  253s
   561   452     cutoff   34      206771.131 204656.617  1.02%   138  256s
   619   481     cutoff   82      206771.131 204733.459  0.99%   128  262s
   637   491 204951.559   20 6974 206771.131 204775.694  0.97%   133  267s
   639   491 205043.650   21 7097 206771.131 204775.694  0.97%   138  270s
   651   494 205148.991   24 5457 206771.131 204775.694  0.97%   142  277s
   672   504 205327.664   31 4662 206771.131 204775.694  0.97%   141  280s
H  740   521                    206553.21594 204775.694  0.86%   128  280s
H  781   523                    206543.81008 204775.694  0.86%   124  284s
   782   524 206384.415  144 9765 206543.810 204775.694  0.86%   124  304s
   784   525 205943.361  104 5059 206543.810 205617.447  0.45%   123  316s
*  784   498              11    205739.72648 205739.726  0.00%   123  317s

Cutting planes:
  Gomory: 1
  MIR: 18
  Flow cover: 25
  Zero half: 314

Explored 785 nodes (151016 simplex iterations) in 317.55 seconds
Thread count was 4 (of 4 available processors)

Solution count 10: 205740 206544 206553 ... 224179
Pool objective bound 205740

Optimal solution found (tolerance 1.00e-04)
Best objective 2.057397264808e+05, best bound 2.057397264808e+05, gap 0.0000%
Optimize a model with 9119 rows, 132791 columns and 277515 nonzeros
Variable types: 0 continuous, 132791 integer (132791 binary)
Coefficient statistics:
  Matrix range     [1e+00, 1e+05]
  Objective range  [1e-01, 3e+02]
  Bounds range     [1e+00, 1e+00]
  RHS range        [1e+00, 6e+00]
Found heuristic solution: objective 567688
Presolve removed 1457 rows and 20833 columns
Presolve time: 0.92s
Presolved: 7662 rows, 111958 columns, 233583 nonzeros

MIP start did not produce a new incumbent solution
MIP start violates constraint R0 by 539999.000000000

Variable types: 0 continuous, 111958 integer (111958 binary)

Root relaxation: objective 1.701795e+05, 5316 iterations, 0.82 seconds

    Nodes    |    Current Node    |     Objective Bounds      |     Work
 Expl Unexpl |  Obj  Depth IntInf | Incumbent    BestBd   Gap | It/Node Time

     0     0 170179.485    0 1030 567687.845 170179.485  70.0%     -    2s
H    0     0                    228607.13149 170179.485  25.6%     -    4s
H    0     0                    228560.06296 170179.485  25.5%     -    5s
     0     0 187155.047    0 3394 228560.063 187155.047  18.1%     -    8s
     0     0 187384.639    0 2966 228560.063 187384.639  18.0%     -   10s
     0     0 193248.375    0 3890 228560.063 193248.375  15.4%     -   15s
     0     0 195792.082    0 5317 228560.063 195792.082  14.3%     -   18s
     0     0 198364.747    0 5989 228560.063 198364.747  13.2%     -   25s
     0     0 199256.116    0 6450 228560.063 199256.116  12.8%     -   28s
     0     0 200668.290    0 6912 228560.063 200668.290  12.2%     -   32s
H    0     0                    214944.98961 200668.290  6.64%     -   56s
     0     0 201514.498    0 7375 214944.990 201514.498  6.25%     -   60s
     0     0 202638.020    0 7940 214944.990 202638.020  5.73%     -   67s
     0     0 202898.608    0 8207 214944.990 202898.608  5.60%     -   70s
     0     0 203574.762    0 8728 214944.990 203574.762  5.29%     -   76s
     0     0 203731.423    0 8817 214944.990 203731.423  5.22%     -   83s
     0     0 204086.429    0 9312 214944.990 204086.429  5.05%     -   89s
H    0     0                    208112.90525 204086.429  1.93%     -  101s
H    0     0                    207567.18160 204086.429  1.68%     -  112s
     0     0 205500.188    0 5059 207567.182 205500.188  1.00%     -  124s
H    0     0                    207562.60589 205500.188  0.99%     -  125s
*    0     0               0    205742.92453 205742.925  0.00%     -  131s

Cutting planes:
  Gomory: 1
  MIR: 40
  Zero half: 364

Explored 0 nodes (56711 simplex iterations) in 131.55 seconds
Thread count was 4 (of 4 available processors)

Solution count 8: 205743 207563 207567 ... 567688
Pool objective bound 205743

Optimal solution found (tolerance 1.00e-04)
Best objective 2.057429245312e+05, best bound 2.057429245312e+05, gap 0.0000%
Optimize a model with 9261 rows, 132791 columns and 277941 nonzeros
Variable types: 0 continuous, 132791 integer (132791 binary)
Coefficient statistics:
  Matrix range     [1e+00, 1e+05]
  Objective range  [1e-01, 3e+02]
  Bounds range     [1e+00, 1e+00]
  RHS range        [1e+00, 6e+00]
Found heuristic solution: objective 567688
Presolve removed 1457 rows and 20832 columns
Presolve time: 0.91s
Presolved: 7804 rows, 111959 columns, 234010 nonzeros

MIP start did not produce a new incumbent solution
MIP start violates constraint R0 by 539999.000000000

Variable types: 0 continuous, 111959 integer (111959 binary)

Root relaxation: objective 1.701795e+05, 5336 iterations, 0.84 seconds

    Nodes    |    Current Node    |     Objective Bounds      |     Work
 Expl Unexpl |  Obj  Depth IntInf | Incumbent    BestBd   Gap | It/Node Time

     0     0 170179.485    0 1030 567687.845 170179.485  70.0%     -    2s
H    0     0                    228775.09782 170179.485  25.6%     -    3s
H    0     0                    228675.28176 170179.485  25.6%     -    5s
     0     0 187155.647    0 3394 228675.282 187155.647  18.2%     -    8s
     0     0 187384.633    0 2964 228675.282 187384.633  18.1%     -   10s
     0     0 193285.335    0 3924 228675.282 193285.335  15.5%     -   15s
     0     0 195800.793    0 5443 228675.282 195800.793  14.4%     -   19s
     0     0 198493.474    0 6031 228675.282 198493.474  13.2%     -   25s
     0     0 199225.813    0 6418 228675.282 199225.813  12.9%     -   28s
     0     0 200867.915    0 7094 228675.282 200867.915  12.2%     -   34s
H    0     0                    215101.35044 200867.915  6.62%     -   56s
     0     0 201456.332    0 7440 215101.350 201456.332  6.34%     -   59s
     0     0 202499.309    0 8109 215101.350 202499.309  5.86%     -   66s
     0     0 202791.557    0 8208 215101.350 202791.557  5.72%     -   71s
     0     0 203525.671    0 8682 215101.350 203525.671  5.38%     -   78s
     0     0 203625.142    0 8818 215101.350 203625.142  5.34%     -   83s
     0     0 204320.641    0 9125 215101.350 204320.641  5.01%     -   95s
     0     0 204443.598    0 9068 215101.350 204443.598  4.95%     -  105s
     0     0 204823.105    0 9467 215101.350 204823.105  4.78%     -  113s
H    0     0                    210847.28613 204823.105  2.86%     -  124s
H    0     0                    210838.73476 204823.105  2.85%     -  132s
     0     2 204823.105    0 9467 210838.735 204823.105  2.85%     -  150s
     1     4 204840.708    1 9352 210838.735 204840.708  2.84%   177  160s
     3     6 205134.022    2 8450 210838.735 204842.638  2.84%  1432  167s
     5     8 205005.975    2 8976 210838.735 205005.975  2.77%  1584  180s
     7     9 205141.090    3 8444 210838.735 205006.056  2.77%  1162  188s
    11    12 205160.910    5 8451 210838.735 205006.056  2.77%  1040  190s
    18    19 205319.232    9 7996 210838.735 205006.056  2.77%   820  198s
    20    21 206116.892    9 7324 210838.735 205006.056  2.77%   878  205s
    23    22 205343.278   10 7873 210838.735 205006.056  2.77%   824  211s
    26    25 205349.706   12 7602 210838.735 205006.056  2.77%   836  217s
    30    30 205518.593   13 7157 210838.735 205006.056  2.77%   910  222s
    39    38 205534.554   18 6057 210838.735 205006.056  2.77%   758  225s
    49    49 205633.440   25 4750 210838.735 205006.056  2.77%   688  237s
H   51    51                    210040.74667 205006.056  2.40%   737  257s
    59    53 205824.272   27 3715 210040.747 205006.056  2.40%   695  265s
*   64    29              31    206661.95770 205006.056  0.80%   653  265s
    70    27 206026.927   31 3283 206661.958 205006.056  0.80%   647  270s
    95    41 206036.812   48 3273 206661.958 205006.056  0.80%   512  276s
   123    64 206050.395   69 3266 206661.958 205006.056  0.80%   419  281s
   158    94 206061.861   97 3241 206661.958 205006.056  0.80%   342  288s
   186   113 206068.792  113 3234 206661.958 205006.056  0.80%   301  290s
*  330   204             193    206555.67640 205006.056  0.75%   177  294s
   382   249 206105.851  212 3168 206555.676 205006.056  0.75%   155  295s
   455   302 206116.011  251 3176 206555.676 205006.056  0.75%   131  300s
   504   326     cutoff  262      206555.676 205016.692  0.75%   125  311s
   532   336 205254.942    4 8620 206555.676 205018.188  0.74%   133  320s
   541   335 205482.339    6 8058 206555.676 205018.188  0.74%   145  330s
   545   338 205597.888    8 7510 206555.676 205018.188  0.74%   149  337s
   599   389 205735.635   13 6383 206555.676 205018.188  0.74%   142  343s
   648   437 205750.642   15 5434 206555.676 205018.188  0.74%   134  345s
   717   504 205788.875   19 5300 206555.676 205018.188  0.74%   123  350s
H  764   549                    206552.66014 205018.188  0.74%   120  360s
   765   550 206103.920  114 9467 206552.660 205018.188  0.74%   120  384s
   767   551 206270.873  213 6051 206552.660 205704.102  0.41%   120  406s
   768   552 206126.700  157 5402 206552.660 206092.519  0.22%   120  410s
   772   556 206258.555  219 6050 206552.660 206092.519  0.22%   151  424s
   773   557 206261.353  181 5402 206552.660 206093.630  0.22%   151  431s
   774   558 206204.628  196 5399 206552.660 206135.067  0.20%   151  443s
   775   558 206287.543  120 5055 206552.660 206287.543  0.13%   151  446s
   777   560 206294.670   46 5048 206552.660 206294.670  0.12%   150  483s
   778   560 206296.623  192 5049 206552.660 206296.623  0.12%   150  489s
   779   561 206301.080  214 5051 206552.660 206301.080  0.12%   150  524s
   780   562 206302.815  207 5052 206552.660 206302.815  0.12%   150  562s
   781   562 206303.333  142 5051 206552.660 206303.333  0.12%   149  568s
   782   563 206304.681  157 5053 206552.660 206304.681  0.12%   149  591s
   783   564 206307.156   27 5053 206552.660 206307.156  0.12%   149  629s
   784   564 206307.726   71 5054 206552.660 206307.726  0.12%   149  666s
   785   565 206308.126  114 5056 206552.660 206308.126  0.12%   149  705s
   786   566 206308.407   63 5057 206552.660 206308.407  0.12%   148  743s
   787   566 206310.555  213 5053 206552.660 206310.555  0.12%   148  782s
   788   567 206311.007  157 5053 206552.660 206311.007  0.12%   148  820s
   789   568 206311.007   59 5053 206552.660 206311.007  0.12%   148  838s
H  789   539                    206434.44029 206311.007  0.06%   148  839s
   791   541 206321.064   26 5705 206434.440 206311.053  0.06%   174  842s
   817   534     cutoff   31      206434.440 206324.279  0.05%   173  845s

Cutting planes:
  Gomory: 16
  MIR: 30
  Flow cover: 14
  Zero half: 584
  Mod-K: 95

Explored 823 nodes (179428 simplex iterations) in 845.43 seconds
Thread count was 4 (of 4 available processors)

Solution count 10: 206434 206553 206556 ... 228775
Pool objective bound 206434

Optimal solution found (tolerance 1.00e-04)
Best objective 2.064344402895e+05, best bound 2.064344402895e+05, gap 0.0000%
Optimize a model with 9419 rows, 132791 columns and 278415 nonzeros
Variable types: 0 continuous, 132791 integer (132791 binary)
Coefficient statistics:
  Matrix range     [1e+00, 1e+05]
  Objective range  [1e-01, 3e+02]
  Bounds range     [1e+00, 1e+00]
  RHS range        [1e+00, 6e+00]
Found heuristic solution: objective 381682
Presolve removed 1457 rows and 20832 columns
Presolve time: 1.03s
Presolved: 7962 rows, 111959 columns, 234484 nonzeros

MIP start did not produce a new incumbent solution
MIP start violates constraint R0 by 539999.000000000

Variable types: 0 continuous, 111959 integer (111959 binary)

Root relaxation: objective 1.701795e+05, 5352 iterations, 0.96 seconds

    Nodes    |    Current Node    |     Objective Bounds      |     Work
 Expl Unexpl |  Obj  Depth IntInf | Incumbent    BestBd   Gap | It/Node Time

     0     0 170179.485    0 1030 381681.965 170179.485  55.4%     -    2s
H    0     0                    228775.09782 170179.485  25.6%     -    4s
H    0     0                    228675.28176 170179.485  25.6%     -    6s
     0     0 187155.647    0 3394 228675.282 187155.647  18.2%     -    9s
     0     0 187384.633    0 2964 228675.282 187384.633  18.1%     -   11s
     0     0 193285.335    0 3924 228675.282 193285.335  15.5%     -   16s
     0     0 195804.671    0 5444 228675.282 195804.671  14.4%     -   19s
     0     0 198496.892    0 6030 228675.282 198496.892  13.2%     -   26s
H    0     0                    228548.35190 198496.892  13.1%     -   44s
     0     0 199224.781    0 6413 228548.352 199224.781  12.8%     -   46s
     0     0 200886.530    0 7165 228548.352 200886.530  12.1%     -   51s
     0     0 201377.394    0 7454 228548.352 201377.394  11.9%     -   56s
     0     0 202538.734    0 8057 228548.352 202538.734  11.4%     -   64s
H    0     0                    225584.99075 202538.734  10.2%     -   64s
     0     0 202959.413    0 8260 225584.991 202959.413  10.0%     -   68s
     0     0 203718.032    0 8599 225584.991 203718.032  9.69%     -   74s
     0     0 203856.496    0 8804 225584.991 203856.496  9.63%     -   77s
     0     0 204312.390    0 9273 225584.991 204312.390  9.43%     -   84s
     0     0 204407.948    0 9404 225584.991 204407.948  9.39%     -   89s
     0     0 204769.750    0 9720 225584.991 204769.750  9.23%     -   95s
H    0     0                    207620.26818 204769.750  1.37%     -  106s
     0     0 205500.188    0 5059 207620.268 205500.188  1.02%     -  123s
     0     0 206028.874    0 6295 207620.268 206028.874  0.77%     -  131s
     0     0 206028.874    0 5059 207620.268 206028.874  0.77%     -  139s
     0     0 206028.874    0 6295 207620.268 206028.874  0.77%     -  144s
     0     0 206030.075    0 6295 207620.268 206030.075  0.77%     -  146s
     0     0 206109.837    0 4557 207620.268 206109.837  0.73%     -  149s
H    0     0                    207418.21805 206109.837  0.63%     -  150s
     0     0 206161.771    0 5143 207418.218 206161.771  0.61%     -  153s
H    0     0                    207391.51628 206161.771  0.59%     -  153s
     0     0 206161.875    0 5144 207391.516 206161.875  0.59%     -  153s
     0     0 206180.161    0 5134 207391.516 206180.161  0.58%     -  157s
     0     0 206180.282    0 5135 207391.516 206180.282  0.58%     -  157s
     0     0 206183.157    0 5136 207391.516 206183.157  0.58%     -  161s
H    0     0                    207377.51541 206183.157  0.58%     -  162s
     0     0 206184.460    0 5133 207377.515 206184.460  0.58%     -  162s
     0     0 206189.254    0 5136 207377.515 206189.254  0.57%     -  166s
     0     0 206189.422    0 5136 207377.515 206189.422  0.57%     -  167s
     0     0 206191.967    0 5137 207377.515 206191.967  0.57%     -  171s
     0     0 206192.520    0 5135 207377.515 206192.520  0.57%     -  172s
     0     0 206197.096    0 5684 207377.515 206197.096  0.57%     -  176s
     0     0 206198.326    0 5135 207377.515 206198.326  0.57%     -  177s
     0     0 206202.236    0 5133 207377.515 206202.236  0.57%     -  181s
     0     0 206202.679    0 5690 207377.515 206202.679  0.57%     -  181s
     0     0 206203.677    0 5142 207377.515 206203.677  0.57%     -  185s
     0     0 206204.737    0 5144 207377.515 206204.737  0.57%     -  185s
     0     0 206206.192    0 5147 207377.515 206206.192  0.56%     -  189s
     0     0 206206.379    0 5147 207377.515 206206.379  0.56%     -  189s
     0     0 206211.189    0 5145 207377.515 206211.189  0.56%     -  193s
     0     0 206211.291    0 5145 207377.515 206211.291  0.56%     -  193s
     0     0 206214.301    0 5146 207377.515 206214.301  0.56%     -  197s
     0     0 206214.609    0 5144 207377.515 206214.609  0.56%     -  197s
     0     0 206216.388    0 5146 207377.515 206216.388  0.56%     -  201s
     0     0 206216.435    0 5147 207377.515 206216.435  0.56%     -  202s
     0     0 206221.289    0 5147 207377.515 206221.289  0.56%     -  206s
H    0     0                    207331.05127 206221.289  0.54%     -  207s
     0     0 206222.119    0 5148 207331.051 206222.119  0.53%     -  207s
     0     0 206225.151    0 5145 207331.051 206225.151  0.53%     -  210s
     0     0 206226.111    0 5143 207331.051 206226.111  0.53%     -  210s
     0     0 206230.648    0 5141 207331.051 206230.648  0.53%     -  213s
     0     0 206231.009    0 5141 207331.051 206231.009  0.53%     -  213s
     0     0 206235.852    0 5150 207331.051 206235.852  0.53%     -  216s
     0     0 206236.329    0 5150 207331.051 206236.329  0.53%     -  217s
     0     0 206242.245    0 5149 207331.051 206242.245  0.53%     -  221s
     0     0 206242.336    0 5151 207331.051 206242.336  0.53%     -  221s
     0     0 206245.488    0 5132 207331.051 206245.488  0.52%     -  225s
     0     0 206245.632    0 5135 207331.051 206245.632  0.52%     -  225s
     0     0 206251.520    0 5132 207331.051 206251.520  0.52%     -  229s
     0     0 206251.618    0 5130 207331.051 206251.618  0.52%     -  229s
     0     0 206254.252    0 5140 207331.051 206254.252  0.52%     -  234s
     0     0 206254.258    0 5146 207331.051 206254.258  0.52%     -  234s
     0     0 206255.535    0 5144 207331.051 206255.535  0.52%     -  238s
H    0     0                    207314.67527 206255.535  0.51%     -  238s
     0     0 206255.535    0 5058 207314.675 206255.535  0.51%     -  246s
     0     0 206255.535    0 4558 207314.675 206255.535  0.51%     -  254s
     0     0 206255.535    0 6706 207314.675 206255.535  0.51%     -  255s
     0     0 206255.535    0 5134 207314.675 206255.535  0.51%     -  277s
     0     0 206255.535    0 5144 207314.675 206255.535  0.51%     -  278s
     0     0 206258.579    0 5093 207314.675 206258.579  0.51%     -  282s
     0     0 206258.875    0 5096 207314.675 206258.875  0.51%     -  286s
     0     0 206258.885    0 5097 207314.675 206258.885  0.51%     -  287s
     0     0 206259.377    0 5155 207314.675 206259.377  0.51%     -  291s
     0     0 206261.670    0 5106 207314.675 206261.670  0.51%     -  291s
     0     0 206262.251    0 5104 207314.675 206262.251  0.51%     -  295s
     0     0 206264.727    0 5150 207314.675 206264.727  0.51%     -  300s
     0     0 206265.503    0 5150 207314.675 206265.503  0.51%     -  300s
     0     0 206267.873    0 5150 207314.675 206267.873  0.50%     -  304s
     0     0 206271.745    0 5150 207314.675 206271.745  0.50%     -  308s
     0     0 206275.570    0 5105 207314.675 206275.570  0.50%     -  313s
     0     0 206280.505    0 5102 207314.675 206280.505  0.50%     -  316s
     0     0 206281.670    0 5147 207314.675 206281.670  0.50%     -  316s
     0     0 206284.684    0 5102 207314.675 206284.684  0.50%     -  322s
     0     0 206285.423    0 5099 207314.675 206285.423  0.50%     -  327s
     0     0 206285.428    0 5099 207314.675 206285.428  0.50%     -  328s
     0     0 206286.050    0 5100 207314.675 206286.050  0.50%     -  332s
     0     0 206286.291    0 5105 207314.675 206286.291  0.50%     -  332s
     0     0 206287.785    0 5101 207314.675 206287.785  0.50%     -  336s
     0     0 206288.451    0 5096 207314.675 206288.451  0.50%     -  336s
     0     0 206293.146    0 5098 207314.675 206293.146  0.49%     -  340s
     0     0 206293.197    0 5097 207314.675 206293.197  0.49%     -  341s
     0     0 206294.336    0 5108 207314.675 206294.336  0.49%     -  345s
     0     0 206294.539    0 5108 207314.675 206294.539  0.49%     -  345s
     0     0 206299.705    0 5109 207314.675 206299.705  0.49%     -  347s
     0     0 206300.016    0 5109 207314.675 206300.016  0.49%     -  357s
     0     0 206300.035    0 5110 207314.675 206300.035  0.49%     -  357s
     0     0 206302.630    0 5115 207314.675 206302.630  0.49%     -  361s
     0     0 206302.855    0 5109 207314.675 206302.855  0.49%     -  362s
     0     0 206306.580    0 5108 207314.675 206306.580  0.49%     -  366s
     0     0 206310.704    0 5106 207314.675 206310.704  0.48%     -  371s
     0     0 206310.966    0 5109 207314.675 206310.966  0.48%     -  371s
     0     0 206311.528    0 5109 207314.675 206311.528  0.48%     -  375s
H    0     2                    207291.94023 206311.528  0.47%     -  378s
     0     2 206311.528    0 5109 207291.940 206311.528  0.47%     -  378s
*    2     2               1    206436.63439 206327.643  0.05%   320  379s

Cutting planes:
  MIR: 342
  Zero half: 711

Explored 5 nodes (111796 simplex iterations) in 379.44 seconds
Thread count was 4 (of 4 available processors)

Solution count 10: 206437 207292 207315 ... 228548
Pool objective bound 206437

Optimal solution found (tolerance 1.00e-04)
Best objective 2.064366343887e+05, best bound 2.064366343887e+05, gap 0.0000%
Optimize a model with 9421 rows, 132791 columns and 278421 nonzeros
Variable types: 0 continuous, 132791 integer (132791 binary)
Coefficient statistics:
  Matrix range     [1e+00, 1e+05]
  Objective range  [1e-01, 3e+02]
  Bounds range     [1e+00, 1e+00]
  RHS range        [1e+00, 6e+00]
Found heuristic solution: objective 385024
Presolve removed 1457 rows and 20832 columns
Presolve time: 0.92s
Presolved: 7964 rows, 111959 columns, 234490 nonzeros

MIP start did not produce a new incumbent solution
MIP start violates constraint R0 by 539999.000000000

Variable types: 0 continuous, 111959 integer (111959 binary)

Root relaxation: objective 1.701795e+05, 5319 iterations, 0.85 seconds

    Nodes    |    Current Node    |     Objective Bounds      |     Work
 Expl Unexpl |  Obj  Depth IntInf | Incumbent    BestBd   Gap | It/Node Time

     0     0 170179.485    0 1030 385024.365 170179.485  55.8%     -    2s
H    0     0                    228812.56375 170179.485  25.6%     -    4s
H    0     0                    228712.74769 170179.485  25.6%     -    5s
     0     0 187155.647    0 3394 228712.748 187155.647  18.2%     -    8s
     0     0 187384.633    0 2964 228712.748 187384.633  18.1%     -   10s
     0     0 193285.335    0 3924 228712.748 193285.335  15.5%     -   15s
     0     0 195804.843    0 5444 228712.748 195804.843  14.4%     -   19s
     0     0 198480.307    0 6024 228712.748 198480.307  13.2%     -   26s
     0     0 199226.002    0 6405 228712.748 199226.002  12.9%     -   29s
     0     0 200907.279    0 7098 228712.748 200907.279  12.2%     -   35s
H    0     0                    215102.57865 200907.279  6.60%     -   56s
     0     0 201429.259    0 7391 215102.579 201429.259  6.36%     -   60s
     0     0 202503.653    0 7978 215102.579 202503.653  5.86%     -   67s
     0     0 202835.188    0 8209 215102.579 202835.188  5.70%     -   71s
     0     0 203619.462    0 8575 215102.579 203619.462  5.34%     -   78s
     0     0 203747.819    0 8750 215102.579 203747.819  5.28%     -   81s
     0     0 204439.308    0 9185 215102.579 204439.308  4.96%     -   89s
     0     0 204549.423    0 9337 215102.579 204549.423  4.91%     -   98s
     0     0 204918.269    0 9642 215102.579 204918.269  4.73%     -  103s
H    0     0                    211936.83340 204918.269  3.31%     -  117s
     0     2 204918.269    0 9642 211936.833 204918.269  3.31%     -  141s
     1     4 205060.986    1 9186 211936.833 204951.534  3.30%  2318  150s
     3     6 205175.718    2 9240 211936.833 205015.445  3.27%  1962  155s
     7    10 207125.871    3 8400 211936.833 205027.336  3.26%  2094  173s
    11    10 205312.316    5 8080 211936.833 205027.336  3.26%  1740  176s
    14    15 205316.224    6 8075 211936.833 205027.336  3.26%  1383  181s
H   20    21                    207237.49449 205027.336  1.07%  1078  183s
    25    26 205604.478   13 5565 207237.494 205027.336  1.07%  1018  189s
    29    30 205688.532   14 5435 207237.494 205027.336  1.07%   890  190s
    55    51 206083.975   25 4174 207237.494 205027.336  1.07%   518  198s
    58    54 207084.549   26 3531 207237.494 205027.336  1.07%   562  201s
H   70    59                    207107.98291 205027.336  1.00%   473  202s
   111   100 206329.864   53 3447 207107.983 205027.336  1.00%   316  205s
H  144   130                    206945.83396 205027.336  0.93%   258  218s
H  145   128                    206809.29078 205027.336  0.86%   256  218s
   164   145 206381.798   68 3315 206809.291 205027.336  0.86%   231  220s
   275   236 206488.134   79 3312 206809.291 205027.336  0.86%   155  225s
   382   334 206557.630  106 2303 206809.291 205027.336  0.86%   124  232s
   425   371 206597.427  108 2135 206809.291 205027.336  0.86%   120  235s
   583   509 206768.503  186 1978 206809.291 205209.600  0.77%  92.5  245s
   652   564 205825.302    4 7798 206809.291 205209.600  0.77%  90.7  252s
   673   577 205882.370    5 7415 206809.291 205209.600  0.77%  92.5  257s
   677   579 205909.168    6 7363 206809.291 205209.600  0.77%  96.2  266s
   679   581 205911.772    7 7362 206809.291 205209.600  0.77%   101  270s
   684   584     cutoff    9      206809.291 205209.600  0.77%   108  281s
   691   589 206471.812   13 6560 206809.291 205209.600  0.77%   115  288s
   700   592 206579.000   18 5660 206809.291 205209.600  0.77%   117  307s
   709   600 206685.641   21 5417 206809.291 205209.600  0.77%   128  311s
   713   600 206774.265   24 4955 206809.291 205213.444  0.77%   131  317s
   720   603 205451.757    6 7243 206809.291 205213.812  0.77%   136  323s
H  722   602                    206803.79417 205213.812  0.77%   137  328s
   723   603 206219.623  352 9642 206803.794 205213.812  0.77%   137  355s
   725   604 206546.711   87 6049 206803.794 205704.409  0.53%   136  376s
   726   605 206108.324   29 4554 206803.794 206108.324  0.34%   136  382s
   730   609 206784.019  193 6048 206803.794 206108.324  0.34%   169  395s
H  730   578                    206767.87399 206108.324  0.32%   169  399s
   731   579 206557.132  157 4554 206767.874 206108.324  0.32%   169  402s
H  731   550                    206745.73215 206161.766  0.28%   169  406s
   734   552 206331.442   54 5124 206745.732 206185.541  0.27%   168  413s
   735   553 206188.969  362 5676 206745.732 206188.139  0.27%   168  415s
H  735   525                    206741.35436 206319.702  0.20%   168  418s
   737   526 206320.000  296 4056 206741.354 206320.000  0.20%   168  421s
   738   527 206323.247  156 4755 206741.354 206323.247  0.20%   167  449s
   739   527 206323.771  223 4055 206741.354 206323.771  0.20%   167  472s
   740   528 206741.354  152 4055 206741.354 206324.612  0.20%   167  495s
   741   529 206326.842    4 4055 206741.354 206326.842  0.20%   167  516s
   742   529 206329.857  152 4055 206741.354 206329.857  0.20%   167  570s
   743   530 206330.382  352 4055 206741.354 206330.382  0.20%   166  617s
   744   531 206540.768   95 4055 206741.354 206330.991  0.20%   166  664s
   745   531 206546.711   87 4055 206741.354 206331.183  0.20%   166  691s
   746   532 206334.132   29 4057 206741.354 206334.132  0.20%   166  698s
   747   533 206336.200  190 4055 206741.354 206336.200  0.20%   165  705s
   748   533 206339.281  388 4053 206741.354 206339.281  0.19%   165  729s
   749   534 206341.785  160 4055 206741.354 206341.785  0.19%   165  733s
   750   535 206741.354  193 4761 206741.354 206342.282  0.19%   165  735s
   752   536 206343.635   25 4766 206741.354 206343.635  0.19%   164  740s
   753   537 206343.657  218 4767 206741.354 206343.657  0.19%   164  747s
   755   538 206343.657  362 4767 206741.354 206343.657  0.19%   164  752s
*  757   512              22    206552.66014 206374.638  0.09%   191  753s
*  759   486              23    206437.86260 206437.863  0.00%   192  753s

Cutting planes:
  Gomory: 17
  MIR: 23
  Flow cover: 19
  Zero half: 373

Explored 760 nodes (183069 simplex iterations) in 753.98 seconds
Thread count was 4 (of 4 available processors)

Solution count 10: 206438 206553 206741 ... 207237
Pool objective bound 206438

Optimal solution found (tolerance 1.00e-04)
Best objective 2.064378626010e+05, best bound 2.064378626010e+05, gap 0.0000%
